1526654849085	geckodriver	INFO	geckodriver 0.20.1
1526654849194	geckodriver	INFO	Listening on 127.0.0.1:50401
1526654852321	mozrunner::runner	INFO	Running command: "C:\\Program Files\\Mozilla Firefox\\firefox.exe" "-marionette" "-profile" "C:\\Users\\Charan\\AppData\\Local\\Temp\\rust_mozprofile.4FopkcyDtdGr"
Unable to read VR Path Registry from C:\Users\Charan\AppData\Local\openvr\openvrpaths.vrpath
Unable to read VR Path Registry from C:\Users\Charan\AppData\Local\openvr\openvrpaths.vrpath
Unable to read VR Path Registry from C:\Users\Charan\AppData\Local\openvr\openvrpaths.vrpath
Unable to read VR Path Registry from C:\Users\Charan\AppData\Local\openvr\openvrpaths.vrpath
[Child 7988, Chrome_ChildThread] WARNING: pipe error: 109: file z:/build/build/src/ipc/chromium/src/chrome/common/ipc_channel_win.cc, line 346
[Parent 6784, Gecko_IOThread] WARNING: file z:/build/build/src/ipc/chromium/src/base/process_util_win.cc, line 188
Unable to read VR Path Registry from C:\Users\Charan\AppData\Local\openvr\openvrpaths.vrpath
Unable to read VR Path Registry from C:\Users\Charan\AppData\Local\openvr\openvrpaths.vrpath
1526654888173	Marionette	INFO	Listening on port 50409
1526654889377	Marionette	WARN	TLS certificate errors will be ignored for this session
[Parent 6784, Gecko_IOThread] WARNING: pipe error: 109: file z:/build/build/src/ipc/chromium/src/chrome/common/ipc_channel_win.cc, line 346
[Parent 6784, Gecko_IOThread] WARNING: pipe error: 109: file z:/build/build/src/ipc/chromium/src/chrome/common/ipc_channel_win.cc, line 346

###!!! [Child][MessageChannel::SendAndWait] Error: Channel error: cannot send/recv

1526654941770	geckodriver	INFO	geckodriver 0.20.1
1526654941785	geckodriver	INFO	Listening on 127.0.0.1:50481
1526654944722	mozrunner::runner	INFO	Running command: "C:\\Program Files\\Mozilla Firefox\\firefox.exe" "-marionette" "-profile" "C:\\Users\\Charan\\AppData\\Local\\Temp\\rust_mozprofile.hWUfP1PrmMgm"
Unable to read VR Path Registry from C:\Users\Charan\AppData\Local\openvr\openvrpaths.vrpath
Unable to read VR Path Registry from C:\Users\Charan\AppData\Local\openvr\openvrpaths.vrpath
Unable to read VR Path Registry from C:\Users\Charan\AppData\Local\openvr\openvrpaths.vrpath
Unable to read VR Path Registry from C:\Users\Charan\AppData\Local\openvr\openvrpaths.vrpath
1526654950848	Marionette	INFO	Listening on port 50489
1526654951464	Marionette	WARN	TLS certificate errors will be ignored for this session
Unable to read VR Path Registry from C:\Users\Charan\AppData\Local\openvr\openvrpaths.vrpath
JavaScript error: , line 0: uncaught exception: TagError: adsbygoogle.push() error: No slot size for availableWidth=0
console.warn: LoginRecipes: getRecipes: falling back to a synchronous message for: https://emicalculator.net
[Parent 3624, Gecko_IOThread] WARNING: pipe error: 109: file z:/build/build/src/ipc/chromium/src/chrome/common/ipc_channel_win.cc, line 346
[Parent 3624, Gecko_IOThread] WARNING: pipe error: 109: file z:/build/build/src/ipc/chromium/src/chrome/common/ipc_channel_win.cc, line 346
[Parent 3624, Gecko_IOThread] WARNING: pipe error: 109: file z:/build/build/src/ipc/chromium/s[Childrc/chrome/common/ipc_channel_win.cc, line 346
 3936, Chrome_ChildThread] WARNING: pipe error: 1[Ch0ild 77894, Chrome_ChildThread] WARNING: pipe error: 109: file z:/build/build/src/ipc/chromium/src/chrome/common/ipc_channel_win.cc, line 346
[Child 7784, Chrome_ChildThread] WARNING: pipe error: 109: file z:/build/build/src/ipc/chromium/src/chrome/common/ipc_channel_win.cc, line 346
: file z:/build/build/src/ipc/chromium/src/chrome/common/ipc_channel_win.cc, line 346
[Child 3936, Chrome_ChildThread] WARNING: pipe error: 109: file z:/build/build/src/ipc/chromium/src/chrome/common/ipc_chann
###!!! [Child][MessageChannel::SendAndWait] Error: Channel error: cannot send/recv

1526655120676	geckodriver	INFO	geckodriver 0.20.1
1526655120691	geckodriver	INFO	Listening on 127.0.0.1:50641
1526655124057	mozrunner::runner	INFO	Running command: "C:\\Program Files\\Mozilla Firefox\\firefox.exe" "-marionette" "-profile" "C:\\Users\\Charan\\AppData\\Local\\Temp\\rust_mozprofile.Rg7HTPo0W3M2"
Unable to read VR Path Registry from C:\Users\Charan\AppData\Local\openvr\openvrpaths.vrpath
Unable to read VR Path Registry from C:\Users\Charan\AppData\Local\openvr\openvrpaths.vrpath
Unable to read VR Path Registry from C:\Users\Charan\AppData\Local\openvr\openvrpaths.vrpath
Unable to read VR Path Registry from C:\Users\Charan\AppData\Local\openvr\openvrpaths.vrpath
Unable to read VR Path Registry from C:\Users\Charan\AppData\Local\openvr\openvrpaths.vrpath
1526655131357	Marionette	INFO	Listening on port 50649
1526655131747	Marionette	WARN	TLS certificate errors will be ignored for this session
JavaScript error: , line 0: uncaught exception: TagError: adsbygoogle.push() error: No slot size for availableWidth=0
console.warn: LoginRecipes: getRecipes: falling back to a synchronous message for: https://emicalculator.net
IPDL protocol error: Handler returned error code!

###!!! [Parent][DispatchAsyncMessage] Error: PLayerTransaction::Msg_ReleaseLayer Processing error: message was deserialized, but the handler returned false (indicating failure)

IPDL protocol error: Handler returned error code!

###!!! [Parent][DispatchAsyncMessage] Error: PLayerTransaction::Msg_ReleaseLayer Processing error: message was deserialized, but the handler returned false (indicating failure)

IPDL protocol error: Handler returned error code!

###!!! [Parent][DispatchAsyncMessage] Error: PLayerTransaction::Msg_ReleaseLayer Processing error: message was deserialized, but the handler returned false (indicating failure)

IPDL protocol error: Handler returned error code!

###!!! [Parent][DispatchAsyncMessage] Error: PLayerTransaction::Msg_ReleaseLayer Processing error: message was deserialized, but the handler returned false (indicating failure)

IPDL protocol error: Handler returned error code!

###!!! [Parent][DispatchAsyncMessage] Error: PLayerTransaction::Msg_ReleaseLayer Processing error: message was deserialized, but the handler returned false (indicating failure)

IPDL protocol error: Handler returned error code!

###!!! [Parent][DispatchAsyncMessage] Error: PLayerTransaction::Msg_ReleaseLayer Processing error: message was deserialized, but the handler returned false (indicating failure)

IPDL protocol error: Handler returned error code!

###!!! [Parent][DispatchAsyncMessage] Error: PLayerTransaction::Msg_ReleaseLayer Processing error: message was deserialized, but the handler returned false (indicating failure)

IPDL protocol error: Handler returned error code!

###!!! [Parent][DispatchAsyncMessage] Error: PLayerTransaction::Msg_ReleaseLayer Processing error: message was deserialized, but the handler returned false (indicating failure)

IPDL protocol error: Handler returned error code!

###!!! [Parent][DispatchAsyncMessage] Error: PLayerTransaction::Msg_ReleaseLayer Processing error: message was deserialized, but the handler returned false (indicating failure)

IPDL protocol error: Handler returned error code!

###!!! [Parent][DispatchAsyncMessage] Error: PLayerTransaction::Msg_ReleaseLayer Processing error: message was deserialized, but the handler returned false (indicating failure)

IPDL protocol error: Handler returned error code!

###!!! [Parent][DispatchAsyncMessage] Error: PLayerTransaction::Msg_ReleaseLayer Processing error: message was deserialized, but the handler returned false (indicating failure)

IPDL protocol error: Handler returned error code!

###!!! [Parent][DispatchAsyncMessage] Error: PLayerTransaction::Msg_ReleaseLayer Processing error: message was deserialized, but the handler returned false (indicating failure)

IPDL protocol error: Handler returned error code!

###!!! [Parent][DispatchAsyncMessage] Error: PLayerTransaction::Msg_ReleaseLayer Processing error: message was deserialized, but the handler returned false (indicating failure)

IPDL protocol error: Handler returned error code!

###!!! [Parent][DispatchAsyncMessage] Error: PLayerTransaction::Msg_ReleaseLayer Processing error: message was deserialized, but the handler returned false (indicating failure)

IPDL protocol error: Handler returned error code!

###!!! [Parent][DispatchAsyncMessage] Error: PLayerTransaction::Msg_ReleaseLayer Processing error: message was deserialized, but the handler returned false (indicating failure)

IPDL protocol error: Handler returned error code!

###!!! [Parent][DispatchAsyncMessage] Error: PLayerTransaction::Msg_ReleaseLayer Processing error: message was deserialized, but the handler returned false (indicating failure)

IPDL protocol error: Handler returned error code!

###!!! [Parent][DispatchAsyncMessage] Error: PLayerTransaction::Msg_ReleaseLayer Processing error: message was deserialized, but the handler returned false (indicating failure)

IPDL protocol error: Handler returned error code!

###!!! [Parent][DispatchAsyncMessage] Error: PLayerTransaction::Msg_ReleaseLayer Processing error: message was deserialized, but the handler returned false (indicating failure)

IPDL protocol error: Handler returned error code!

###!!! [Parent][DispatchAsyncMessage] Error: PLayerTransaction::Msg_ReleaseLayer Processing error: message was deserialized, but the handler returned false (indicating failure)

IPDL protocol error: Handler returned error code!

###!!! [Parent][DispatchAsyncMessage] Error: PLayerTransaction::Msg_ReleaseLayer Processing error: message was deserialized, but the handler returned false (indicating failure)

IPDL protocol error: Handler returned error code!

###!!! [Parent][DispatchAsyncMessage] Error: PLayerTransaction::Msg_ReleaseLayer Processing error: message was deserialized, but the handler returned false (indicating failure)

IPDL protocol error: Handler returned error code!

###!!! [Parent][DispatchAsyncMessage] Error: PLayerTransaction::Msg_ReleaseLayer Processing error: message was deserialized, but the handler returned false (indicating failure)

IPDL protocol error: Handler returned error code!

###!!! [Parent][DispatchAsyncMessage] Error: PLayerTransaction::Msg_ReleaseLayer Processing error: message was deserialized, but the handler returned false (indicating failure)

IPDL protocol error: Handler returned error code!

###!!! [Parent][DispatchAsyncMessage] Error: PLayerTransaction::Msg_ReleaseLayer Processing error: message was deserialized, but the handler returned false (indicating failure)

IPDL protocol error: Handler returned error code!

###!!! [Parent][DispatchAsyncMessage] Error: PLayerTransaction::Msg_ReleaseLayer Processing error: message was deserialized, but the handler returned false (indicating failure)

IPDL protocol error: Handler returned error code!

###!!! [Parent][DispatchAsyncMessage] Error: PLayerTransaction::Msg_ReleaseLayer Processing error: message was deserialized, but the handler returned false (indicating failure)

IPDL protocol error: Handler returned error code!

###!!! [Parent][DispatchAsyncMessage] Error: PLayerTransaction::Msg_ReleaseLayer Processing error: message was deserialized, but the handler returned false (indicating failure)

IPDL protocol error: Handler returned error code!

###!!! [Parent][DispatchAsyncMessage] Error: PLayerTransaction::Msg_ReleaseLayer Processing error: message was deserialized, but the handler returned false (indicating failure)

IPDL protocol error: Handler returned error code!

###!!! [Parent][DispatchAsyncMessage] Error: PLayerTransaction::Msg_ReleaseLayer Processing error: message was deserialized, but the handler returned false (indicating failure)

IPDL protocol error: Handler returned error code!

###!!! [Parent][DispatchAsyncMessage] Error: PLayerTransaction::Msg_ReleaseLayer Processing error: message was deserialized, but the handler returned false (indicating failure)

IPDL protocol error: Handler returned error code!

###!!! [Parent][DispatchAsyncMessage] Error: PLayerTransaction::Msg_ReleaseLayer Processing error: message was deserialized, but the handler returned false (indicating failure)

IPDL protocol error: Handler returned error code!

###!!! [Parent][DispatchAsyncMessage] Error: PLayerTransaction::Msg_ReleaseLayer Processing error: message was deserialized, but the handler returned false (indicating failure)

IPDL protocol error: Handler returned error code!

###!!! [Parent][DispatchAsyncMessage] Error: PLayerTransaction::Msg_ReleaseLayer Processing error: message was deserialized, but the handler returned false (indicating failure)

IPDL protocol error: Handler returned error code!

###!!! [Parent][DispatchAsyncMessage] Error: PLayerTransaction::Msg_ReleaseLayer Processing error: message was deserialized, but the handler returned false (indicating failure)

IPDL protocol error: Handler returned error code!

###!!! [Parent][DispatchAsyncMessage] Error: PLayerTransaction::Msg_ReleaseLayer Processing error: message was deserialized, but the handler returned false (indicating failure)

IPDL protocol error: Handler returned error code!

###!!! [Parent][DispatchAsyncMessage] Error: PLayerTransaction::Msg_ReleaseLayer Processing error: message was deserialized, but the handler returned false (indicating failure)

IPDL protocol error: Handler returned error code!

###!!! [Parent][DispatchAsyncMessage] Error: PLayerTransaction::Msg_ReleaseLayer Processing error: message was deserialized, but the handler returned false (indicating failure)

IPDL protocol error: Handler returned error code!

###!!! [Parent][DispatchAsyncMessage] Error: PLayerTransaction::Msg_ReleaseLayer Processing error: message was deserialized, but the handler returned false (indicating failure)

IPDL protocol error: Handler returned error code!

###!!! [Parent][DispatchAsyncMessage] Error: PLayerTransaction::Msg_ReleaseLayer Processing error: message was deserialized, but the handler returned false (indicating failure)

IPDL protocol error: Handler returned error code!

###!!! [Parent][DispatchAsyncMessage] Error: PLayerTransaction::Msg_ReleaseLayer Processing error: message was deserialized, but the handler returned false (indicating failure)

IPDL protocol error: Handler returned error code!

###!!! [Parent][DispatchAsyncMessage] Error: PLayerTransaction::Msg_ReleaseLayer Processing error: message was deserialized, but the handler returned false (indicating failure)

IPDL protocol error: Handler returned error code!

###!!! [Parent][DispatchAsyncMessage] Error: PLayerTransaction::Msg_ReleaseLayer Processing error: message was deserialized, but the handler returned false (indicating failure)

IPDL protocol error: Handler returned error code!

###!!! [Parent][DispatchAsyncMessage] Error: PLayerTransaction::Msg_ReleaseLayer Processing error: message was deserialized, but the handler returned false (indicating failure)

IPDL protocol error: Handler returned error code!

###!!! [Parent][DispatchAsyncMessage] Error: PLayerTransaction::Msg_ReleaseLayer Processing error: message was deserialized, but the handler returned false (indicating failure)

IPDL protocol error: Handler returned error code!

###!!! [Parent][DispatchAsyncMessage] Error: PLayerTransaction::Msg_ReleaseLayer Processing error: message was deserialized, but the handler returned false (indicating failure)

IPDL protocol error: Handler returned error code!

###!!! [Parent][DispatchAsyncMessage] Error: PLayerTransaction::Msg_ReleaseLayer Processing error: message was deserialized, but the handler returned false (indicating failure)

IPDL protocol error: Handler returned error code!

###!!! [Parent][DispatchAsyncMessage] Error: PLayerTransaction::Msg_ReleaseLayer Processing error: message was deserialized, but the handler returned false (indicating failure)

IPDL protocol error: Handler returned error code!

###!!! [Parent][DispatchAsyncMessage] Error: PLayerTransaction::Msg_ReleaseLayer Processing error: message was deserialized, but the handler returned false (indicating failure)

IPDL protocol error: Handler returned error code!

###!!! [Parent][DispatchAsyncMessage] Error: PLayerTransaction::Msg_ReleaseLayer Processing error: message was deserialized, but the handler returned false (indicating failure)

[Child 7056, Chrome_ChildThread] WARNING: pipe error: 109: file z:/build/build/src/ipc/chromium/src/chrome/common/ipc_channel_win.cc, line 346
[Child 7056, Chrome_ChildThread] WARNING: pipe error: 109: file z:/build/build/src/ipc/chromium/src/chrome/common/ipc_channel_win.cc, line 346
[Parent 2184, Gecko_IOThread] WARNING: pipe error: 109: file z:/build/build/src/ipc/chromium/src/chrome/common/ipc_channel_win.cc, line 346
[GPU 5360, Chrome_ChildT
###!!! [Child][MessageChannel::SendAndWait] Error: Channel error: cannot send/recv

1526655225535	geckodriver	INFO	geckodriver 0.20.1
1526655225551	geckodriver	INFO	Listening on 127.0.0.1:50758
1526655228632	mozrunner::runner	INFO	Running command: "C:\\Program Files\\Mozilla Firefox\\firefox.exe" "-marionette" "-profile" "C:\\Users\\Charan\\AppData\\Local\\Temp\\rust_mozprofile.gdAfO2WVTCgy"
Unable to read VR Path Registry from C:\Users\Charan\AppData\Local\openvr\openvrpaths.vrpath
Unable to read VR Path Registry from C:\Users\Charan\AppData\Local\openvr\openvrpaths.vrpath
Unable to read VR Path Registry from C:\Users\Charan\AppData\Local\openvr\openvrpaths.vrpath
Unable to read VR Path Registry from C:\Users\Charan\AppData\Local\openvr\openvrpaths.vrpath
Unable to read VR Path Registry from C:\Users\Charan\AppData\Local\openvr\openvrpaths.vrpath
1526655234641	Marionette	INFO	Listening on port 50766
1526655235232	Marionette	WARN	TLS certificate errors will be ignored for this session
JavaScript error: , line 0: uncaught exception: TagError: adsbygoogle.push() error: No slot size for availableWidth=0
[Parent 7764, Gecko_IOThread] WARNING: pipe error: 109: file z:/build/build/src/ipc/chromium/src/chrome/common/ipc_channel_win.cc, line 346
[Child 7392, Chrome_ChildThread] WARNING: pipe error: 109: file z:/build/build/src/ipc/chromium/src/chrome/common/ipc_channel_win.cc, line 346
[Child 7392, Chrome_ChildThread] WARNING: pipe error: 109: file z:/build/build/src/ipc/chromium/src/chrome/common/ipc_channel_win.cc, line 346
[Parent 7764, Gecko_IOThread] WARNING: pipe error: 109: file z:/build/build/src/ipc/chromium/src/chrome/common/ipc_channel_win.cc, line 346

###!!! [Child][MessageChannel::SendAndWait] Error: Channel error: cannot send/recv

1526655357322	geckodriver	INFO	geckodriver 0.20.1
1526655357338	geckodriver	INFO	Listening on 127.0.0.1:50910
1526655360384	mozrunner::runner	INFO	Running command: "C:\\Program Files\\Mozilla Firefox\\firefox.exe" "-marionette" "-profile" "C:\\Users\\Charan\\AppData\\Local\\Temp\\rust_mozprofile.wDkn8GDNVxEZ"
Unable to read VR Path Registry from C:\Users\Charan\AppData\Local\openvr\openvrpaths.vrpath
Unable to read VR Path Registry from C:\Users\Charan\AppData\Local\openvr\openvrpaths.vrpath
Unable to read VR Path Registry from C:\Users\Charan\AppData\Local\openvr\openvrpaths.vrpath
Unable to read VR Path Registry from C:\Users\Charan\AppData\Local\openvr\openvrpaths.vrpath
1526655366225	Marionette	INFO	Listening on port 50918
Unable to read VR Path Registry from C:\Users\Charan\AppData\Local\openvr\openvrpaths.vrpath
1526655366759	Marionette	WARN	TLS certificate errors will be ignored for this session
JavaScript error: , line 0: uncaught exception: TagError: adsbygoogle.push() error: No slot size for availableWidth=0
[Parent 804, Gecko_IOThread] WARNING: pipe error: 109: file z:/build/build/src/ipc/chromium/src/chrome/common/ipc_channel_win.cc, line 346
IPDL protocol error: Handler returned error code!

###!!! [Parent][DispatchAsyncMessage] Error: PLayerTransaction::Msg_ReleaseLayer Processing error: message was deserialized, but the handler returned false (indicating failure)

IPDL protocol error: Handler returned error code!

###!!! [Parent][DispatchAsyncMessage] Error: PLayerTransaction::Msg_ReleaseLayer Processing error: message was deserialized, but the handler returned false (indicating failure)

IPDL protocol error: Handler returned error code!

###!!! [Parent][DispatchAsyncMessage] Error: PLayerTransaction::Msg_ReleaseLayer Processing error: message was deserialized, but the handler returned false (indicating failure)

IPDL protocol error: Handler returned error code!

###!!! [Parent][DispatchAsyncMessage] Error: PLayerTransaction::Msg_ReleaseLayer Processing error: message was deserialized, but the handler returned false (indicating failure)

IPDL protocol error: Handler returned error code!

###!!! [Parent][DispatchAsyncMessage] Error: PLayerTransaction::Msg_ReleaseLayer Processing error: message was deserialized, but the handler returned false (indicating failure)

IPDL protocol error: Handler returned error code!

###!!! [Parent][DispatchAsyncMessage] Error: PLayerTransaction::Msg_ReleaseLayer Processing error: message was deserialized, but the handler returned false (indicating failure)

IPDL protocol error: Handler returned error code!

###!!! [Parent][DispatchAsyncMessage] Error: PLayerTransaction::Msg_ReleaseLayer Processing error: message was deserialized, but the handler returned false (indicating failure)

IPDL protocol error: Handler returned error code!

###!!! [Parent][DispatchAsyncMessage] Error: PLayerTransaction::Msg_ReleaseLayer Processing error: message was deserialized, but the handler returned false (indicating failure)

IPDL protocol error: Handler returned error code!

###!!! [Parent][DispatchAsyncMessage] Error: PLayerTransaction::Msg_ReleaseLayer Processing error: message was deserialized, but the handler returned false (indicating failure)

IPDL protocol error: Handler returned error code!

###!!! [Parent][DispatchAsyncMessage] Error: PLayerTransaction::Msg_ReleaseLayer Processing error: message was deserialized, but the handler returned false (indicating failure)

IPDL protocol error: Handler returned error code!

###!!! [Parent][DispatchAsyncMessage] Error: PLayerTransaction::Msg_ReleaseLayer Processing error: message was deserialized, but the handler returned false (indicating failure)

IPDL protocol error: Handler returned error code!

###!!! [Parent][DispatchAsyncMessage] Error: PLayerTransaction::Msg_ReleaseLayer Processing error: message was deserialized, but the handler returned false (indicating failure)

IPDL protocol error: Handler returned error code!

###!!! [Parent][DispatchAsyncMessage] Error: PLayerTransaction::Msg_ReleaseLayer Processing error: message was deserialized, but the handler returned false (indicating failure)

IPDL protocol error: Handler returned error code!

###!!! [Parent][DispatchAsyncMessage] Error: PLayerTransaction::Msg_ReleaseLayer Processing error: message was deserialized, but the handler returned false (indicating failure)

IPDL protocol error: Handler returned error code!

###!!! [Parent][DispatchAsyncMessage] Error: PLayerTransaction::Msg_ReleaseLayer Processing error: message was deserialized, but the handler returned false (indicating failure)

IPDL protocol error: Handler returned error code!

###!!! [Parent][DispatchAsyncMessage] Error: PLayerTransaction::Msg_ReleaseLayer Processing error: message was deserialized, but the handler returned false (indicating failure)

IPDL protocol error: Handler returned error code!

###!!! [Parent][DispatchAsyncMessage] Error: PLayerTransaction::Msg_ReleaseLayer Processing error: message was deserialized, but the handler returned false (indicating failure)

IPDL protocol error: Handler returned error code!

###!!! [Parent][DispatchAsyncMessage] Error: PLayerTransaction::Msg_ReleaseLayer Processing error: message was deserialized, but the handler returned false (indicating failure)

IPDL protocol error: Handler returned error code!

###!!! [Parent][DispatchAsyncMessage] Error: PLayerTransaction::Msg_ReleaseLayer Processing error: message was deserialized, but the handler returned false (indicating failure)

IPDL protocol error: Handler returned error code!

###!!! [Parent][DispatchAsyncMessage] Error: PLayerTransaction::Msg_ReleaseLayer Processing error: message was deserialized, but the handler returned false (indicating failure)

IPDL protocol error: Handler returned error code!

###!!! [Parent][DispatchAsyncMessage] Error: PLayerTransaction::Msg_ReleaseLayer Processing error: message was deserialized, but the handler returned false (indicating failure)

IPDL protocol error: Handler returned error code!

###!!! [Parent][DispatchAsyncMessage] Error: PLayerTransaction::Msg_ReleaseLayer Processing error: message was deserialized, but the handler returned false (indicating failure)

IPDL protocol error: Handler returned error code!

###!!! [Parent][DispatchAsyncMessage] Error: PLayerTransaction::Msg_ReleaseLayer Processing error: message was deserialized, but the handler returned false (indicating failure)

IPDL protocol error: Handler returned error code!

###!!! [Parent][DispatchAsyncMessage] Error: PLayerTransaction::Msg_ReleaseLayer Processing error: message was deserialized, but the handler returned false (indicating failure)

IPDL protocol error: Handler returned error code!

###!!! [Parent][DispatchAsyncMessage] Error: PLayerTransaction::Msg_ReleaseLayer Processing error: message was deserialized, but the handler returned false (indicating failure)

IPDL protocol error: Handler returned error code!

###!!! [Parent][DispatchAsyncMessage] Error: PLayerTransaction::Msg_ReleaseLayer Processing error: message was deserialized, but the handler returned false (indicating failure)

IPDL protocol error: Handler returned error code!

###!!! [Parent][DispatchAsyncMessage] Error: PLayerTransaction::Msg_ReleaseLayer Processing error: message was deserialized, but the handler returned false (indicating failure)

IPDL protocol error: Handler returned error code!

###!!! [Parent][DispatchAsyncMessage] Error: PLayerTransaction::Msg_ReleaseLayer Processing error: message was deserialized, but the handler returned false (indicating failure)

IPDL protocol error: Handler returned error code!

###!!! [Parent][DispatchAsyncMessage] Error: PLayerTransaction::Msg_ReleaseLayer Processing error: message was deserialized, but the handler returned false (indicating failure)

IPDL protocol error: Handler returned error code!

###!!! [Parent][DispatchAsyncMessage] Error: PLayerTransaction::Msg_ReleaseLayer Processing error: message was deserialized, but the handler returned false (indicating failure)

IPDL protocol error: Handler returned error code!

###!!! [Parent][DispatchAsyncMessage] Error: PLayerTransaction::Msg_ReleaseLayer Processing error: message was deserialized, but the handler returned false (indicating failure)

IPDL protocol error: Handler returned error code!

###!!! [Parent][DispatchAsyncMessage] Error: PLayerTransaction::Msg_ReleaseLayer Processing error: message was deserialized, but the handler returned false (indicating failure)

IPDL protocol error: Handler returned error code!

###!!! [Parent][DispatchAsyncMessage] Error: PLayerTransaction::Msg_ReleaseLayer Processing error: message was deserialized, but the handler returned false (indicating failure)

IPDL protocol error: Handler returned error code!

###!!! [Parent][DispatchAsyncMessage] Error: PLayerTransaction::Msg_ReleaseLayer Processing error: message was deserialized, but the handler returned false (indicating failure)

IPDL protocol error: Handler returned error code!

###!!! [Parent][DispatchAsyncMessage] Error: PLayerTransaction::Msg_ReleaseLayer Processing error: message was deserialized, but the handler returned false (indicating failure)

IPDL protocol error: Handler returned error code!

###!!! [Parent][DispatchAsyncMessage] Error: PLayerTransaction::Msg_ReleaseLayer Processing error: message was deserialized, but the handler returned false (indicating failure)

IPDL protocol error: Handler returned error code!

###!!! [Parent][DispatchAsyncMessage] Error: PLayerTransaction::Msg_ReleaseLayer Processing error: message was deserialized, but the handler returned false (indicating failure)

IPDL protocol error: Handler returned error code!

###!!! [Parent][DispatchAsyncMessage] Error: PLayerTransaction::Msg_ReleaseLayer Processing error: message was deserialized, but the handler returned false (indicating failure)

IPDL protocol error: Handler returned error code!

###!!! [Parent][DispatchAsyncMessage] Error: PLayerTransaction::Msg_ReleaseLayer Processing error: message was deserialized, but the handler returned false (indicating failure)

IPDL protocol error: Handler returned error code!

###!!! [Parent][DispatchAsyncMessage] Error: PLayerTransaction::Msg_ReleaseLayer Processing error: message was deserialized, but the handler returned false (indicating failure)

IPDL protocol error: Handler returned error code!

###!!! [Parent][DispatchAsyncMessage] Error: PLayerTransaction::Msg_ReleaseLayer Processing error: message was deserialized, but the handler returned false (indicating failure)

IPDL protocol error: Handler returned error code!

###!!! [Parent][DispatchAsyncMessage] Error: PLayerTransaction::Msg_ReleaseLayer Processing error: message was deserialized, but the handler returned false (indicating failure)

IPDL protocol error: Handler returned error code!

###!!! [Parent][DispatchAsyncMessage] Error: PLayerTransaction::Msg_ReleaseLayer Processing error: message was deserialized, but the handler returned false (indicating failure)

IPDL protocol error: Handler returned error code!

###!!! [Parent][DispatchAsyncMessage] Error: PLayerTransaction::Msg_ReleaseLayer Processing error: message was deserialized, but the handler returned false (indicating failure)

IPDL protocol error: Handler returned error code!

###!!! [Parent][DispatchAsyncMessage] Error: PLayerTransaction::Msg_ReleaseLayer Processing error: message was deserialized, but the handler returned false (indicating failure)

IPDL protocol error: Handler returned error code!

###!!! [Parent][DispatchAsyncMessage] Error: PLayerTransaction::Msg_ReleaseLayer Processing error: message was deserialized, but the handler returned false (indicating failure)

IPDL protocol error: Handler returned error code!

###!!! [Parent][DispatchAsyncMessage] Error: PLayerTransaction::Msg_ReleaseLayer Processing error: message was deserialized, but the handler returned false (indicating failure)

IPDL protocol error: Handler returned error code!

###!!! [Parent][DispatchAsyncMessage] Error: PLayerTransaction::Msg_ReleaseLayer Processing error: message was deserialized, but the handler returned false (indicating failure)

IPDL protocol error: Handler returned error code!

###!!! [Parent][DispatchAsyncMessage] Error: PLayerTransaction::Msg_ReleaseLayer Processing error: message was deserialized, but the handler returned false (indicating failure)

IPDL protocol error: Handler returned error code!

###!!! [Parent][DispatchAsyncMessage] Error: PLayerTransaction::Msg_ReleaseLayer Processing error: message was deserialized, but the handler returned false (indicating failure)

IPDL protocol error: Handler returned error code!

###!!! [Parent][DispatchAsyncMessage] Error: PLayerTransaction::Msg_ReleaseLayer Processing error: message was deserialized, but the handler returned false (indicating failure)

[Parent 804, Gecko_IOThread] WARNING: pipe error: 109: file z:/build/build/src/ipc/chromium/src/chrome/common/ipc_channel_win.cc, line 346
[Parent 804, Gecko_IOThread] WARNING: pipe error: 109: file z:/build/build/src/ipc/chromium/src/chrome/common/ipc_channel_win.cc, line 346
[GPU 7560, Chrome_ChildThread] WARNING: pipe error: 109: file z:/build/build/src/ipc/chromium/src/chrome/common/ipc_channel_win.cc, line 346

###!!! [Child][MessageChannel::SendAndWait] Error: Channel error: cannot send/recv

1526655516323	geckodriver	INFO	geckodriver 0.20.1
1526655516339	geckodriver	INFO	Listening on 127.0.0.1:51049
1526655519313	mozrunner::runner	INFO	Running command: "C:\\Program Files\\Mozilla Firefox\\firefox.exe" "-marionette" "-profile" "C:\\Users\\Charan\\AppData\\Local\\Temp\\rust_mozprofile.Zd7LHznkF4gQ"
Unable to read VR Path Registry from C:\Users\Charan\AppData\Local\openvr\openvrpaths.vrpath
Unable to read VR Path Registry from C:\Users\Charan\AppData\Local\openvr\openvrpaths.vrpath
Unable to read VR Path Registry from C:\Users\Charan\AppData\Local\openvr\openvrpaths.vrpath
Unable to read VR Path Registry from C:\Users\Charan\AppData\Local\openvr\openvrpaths.vrpath
Unable to read VR Path Registry from C:\Users\Charan\AppData\Local\openvr\openvrpaths.vrpath
1526655525229	Marionette	INFO	Listening on port 51057
1526655526024	Marionette	WARN	TLS certificate errors will be ignored for this session
JavaScript error: , line 0: uncaught exception: TagError: adsbygoogle.push() error: No slot size for availableWidth=0
[Parent 7292, Gecko_IOThread] WARNING: pipe error: 109: file z:/build/build/src/ipc/chromium/src/chrome/common/ipc_channel_win.cc, line 346
[Parent 7292, Gecko_IOThread] WARNING: pipe error: 109: file z:/build/build/src/ipc/chromium/src/chrome/common/ipc_channel_win.cc, line 346
[Child 7584, Chrome_ChildThread] WARNING: pipe error: 109: file z:/build/build/src/ipc/chromium/src/chrome/common/ipc_channel_win.cc, line 346
[Parent 7292, Gecko_IOThread] WARNING: pipe error: 109: file z:/build/build/src/ipc/chromium/src/chrome/common/ipc_channel_win.cc, line 346
*** UTM:SVC TimerManager:registerTimer called after profile-before-change notification. Ignoring timer registration for id: telemetry_modules_ping

###!!! [Child][MessageChannel::SendAndWait] Error: Channel error: cannot send/recv

1526655595914	geckodriver	INFO	geckodriver 0.20.1
1526655595930	geckodriver	INFO	Listening on 127.0.0.1:51211
1526655598981	mozrunner::runner	INFO	Running command: "C:\\Program Files\\Mozilla Firefox\\firefox.exe" "-marionette" "-profile" "C:\\Users\\Charan\\AppData\\Local\\Temp\\rust_mozprofile.5YkCggw7VZdk"
Unable to read VR Path Registry from C:\Users\Charan\AppData\Local\openvr\openvrpaths.vrpath
Unable to read VR Path Registry from C:\Users\Charan\AppData\Local\openvr\openvrpaths.vrpath
Unable to read VR Path Registry from C:\Users\Charan\AppData\Local\openvr\openvrpaths.vrpath
Unable to read VR Path Registry from C:\Users\Charan\AppData\Local\openvr\openvrpaths.vrpath
1526655604223	Marionette	INFO	Listening on port 51219
Unable to read VR Path Registry from C:\Users\Charan\AppData\Local\openvr\openvrpaths.vrpath
1526655604583	Marionette	WARN	TLS certificate errors will be ignored for this session
JavaScript error: , line 0: uncaught exception: TagError: adsbygoogle.push() error: No slot size for availableWidth=0
[Parent 7840, Gecko_IOThread] WARNING: file z:/build/build/src/ipc/chromium/src/base/process_util_win.cc, line 188
[GPU 252, Chrome_Chi
###!!! [Child][MessageChannel::SendAndWait] Error: Channel error: cannot send/recv

te" "-profile" "C:\\Users\\Charan\\AppData\\Local\\Temp\\rust_mozprofile.rsK7ExmiyqLa"
Unable to read VR Path Registry from C:\Users\Charan\AppData\Local\openvr\openvrpaths.vrpath
Unable to read VR Path Registry from C:\Users\Charan\AppData\Local\openvr\openvrpaths.vrpath
Unable to read VR Path Registry from C:\Users\Charan\AppData\Local\openvr\openvrpaths.vrpath
1526655674154	Marionette	INFO	Listening on port 51362
1526655675788	Marionette	WARN	TLS certificate errors will be ignored for this session
Unable to read VR Path Registry from C:\Users\Charan\AppData\Local\openvr\openvrpaths.vrpath
JavaScript error: , line 0: uncaught exception: TagError: adsbygoogle.push() error: No slot size for availableWidth=0
Unable to read VR Path Registry from C:\Users\Charan\AppData\Local\openvr\openvrpaths.vrpath
[Parent 2792, Gecko_IOThread] WARNING: pipe error: 109: file z:/build/build/src/ipc/chromium/src/chrome/common/ipc_channel_win.cc, line 346
[Parent 2792, Gecko_IOThread] WARNING: pipe error: 109: file z:/build/build/src/ipc/chromium/src/chrome/common/ipc_channel_win.cc, line 346
[Parent 2792, Gecko_IOThread] WARNING: pipe error: 109: file z:/build/build/src/ipc/chromium/src/chrome/common/ipc_channel_win.cc, line 346

###!!! [Child][MessageChannel::SendAndWait] Error: Channel error: cannot send/recv

1526655764571	geckodriver	INFO	geckodriver 0.20.1
1526655764586	geckodriver	INFO	Listening on 127.0.0.1:51522
1526655767716	mozrunner::runner	INFO	Running command: "C:\\Program Files\\Mozilla Firefox\\firefox.exe" "-marionette" "-profile" "C:\\Users\\Charan\\AppData\\Local\\Temp\\rust_mozprofile.k5DQ5ryVmWLJ"
Unable to read VR Path Registry from C:\Users\Charan\AppData\Local\openvr\openvrpaths.vrpath
Unable to read VR Path Registry from C:\Users\Charan\AppData\Local\openvr\openvrpaths.vrpath
Unable to read VR Path Registry from C:\Users\Charan\AppData\Local\openvr\openvrpaths.vrpath
Unable to read VR Path Registry from C:\Users\Charan\AppData\Local\openvr\openvrpaths.vrpath
Unable to read VR Path Registry from C:\Users\Charan\AppData\Local\openvr\openvrpaths.vrpath
1526655776640	Marionette	INFO	Listening on port 51530
1526655777355	Marionette	WARN	TLS certificate errors will be ignored for this session
JavaScript error: , line 0: uncaught exception: TagError: adsbygoogle.push() error: No slot size for availableWidth=0
[Parent 7564, Gecko_IOThread] WARNING: pipe error: 109: file z:/build/build/src/ipc/chromium/src/chrome/common/ipc_channel_win.cc, line 346
IPDL protocol error: Handler returned error code!

###!!! [Parent][DispatchAsyncMessage] Error: PLayerTransaction::Msg_ReleaseLayer Processing error: message was deserialized, but the handler returned false (indicating failure)

[Parent 7564, Gecko_IOThread] WARNING: pipe error: 109: file z:/build/build/src/ipc/chromium/src/chrome/common/ipc_channel_win.cc, line 346
[Child 7320, Chrome_ChildThread] WARNING: pipe error: 109: file z:/build/build/src/ipc/chromium/src/chrome/common/ipc_channel_win.cc, line 346
[Child 7320, Chrome_ChildThread] WARNING: pipe[Child 6256, Chrome_ChildThread] WARNING: pipe error: 109: file z:/build/build/src/ipc/chromium/src/chrome/common/ipc_channel_win.cc, line 346
[Child 6256, Chrome_ChildThread] WARNING: pipe error: 109: file z:/build/build/src/ipc/chromium/src/chrome/common/ipc_channel_win.cc, line 346
*** UTM:SVC TimerManager:registerTimer called after profile-before-change notification. Ignoring timer registration for id: telemetry_modules_ping

###!!! [Child][MessageChannel::SendAndWait] Error: Channel error: cannot send/recv

1526656759363	geckodriver	INFO	geckodriver 0.20.1
1526656759378	geckodriver	INFO	Listening on 127.0.0.1:52682
1526656762495	mozrunner::runner	INFO	Running command: "C:\\Program Files\\Mozilla Firefox\\firefox.exe" "-marionette" "-profile" "C:\\Users\\Charan\\AppData\\Local\\Temp\\rust_mozprofile.jMoUrQeI9yUq"
Unable to read VR Path Registry from C:\Users\Charan\AppData\Local\openvr\openvrpaths.vrpath
Unable to read VR Path Registry from C:\Users\Charan\AppData\Local\openvr\openvrpaths.vrpath
Unable to read VR Path Registry from C:\Users\Charan\AppData\Local\openvr\openvrpaths.vrpath
Unable to read VR Path Registry from C:\Users\Charan\AppData\Local\openvr\openvrpaths.vrpath
Unable to read VR Path Registry from C:\Users\Charan\AppData\Local\openvr\openvrpaths.vrpath
1526656769394	Marionette	INFO	Listening on port 52694
1526656770341	Marionette	WARN	TLS certificate errors will be ignored for this session
JavaScript error: , line 0: uncaught exception: TagError: adsbygoogle.push() error: No slot size for availableWidth=0
[Child 3768, Chrome_ChildThread] WARNING: pipe error: 109: file z:/build/build/src/ipc/chromium/src/chrome/common/ipc_channel_win.cc, line 346
[Parent 1096, Gecko_IOThread] WARNING: pipe error: 109: file z:/build/build/src/ipc/chromium/src/chrome/common/ipc_channel_win.cc, line 346
[Parent 1096, Gecko_IOThread] WARNING: pipe error: 109: file z:/build/build/src/ipc/chromium/src/chrome/common/ipc_channel_win.cc, line 346
*** UTM:SVC TimerManager:registerTimer called after profile-before-change notification. Ignoring timer registration for id: telemetry_modules_ping

###!!! [Child][MessageChannel::SendAndWait] Error: Channel error: cannot send/recv

1526712881018	geckodriver	INFO	geckodriver 0.20.1
1526712881034	geckodriver	INFO	Listening on 127.0.0.1:50030
1526712884384	mozrunner::runner	INFO	Running command: "C:\\Program Files\\Mozilla Firefox\\firefox.exe" "-marionette" "-profile" "C:\\Users\\Charan\\AppData\\Local\\Temp\\rust_mozprofile.gj7LDAHwp3JO"
Unable to read VR Path Registry from C:\Users\Charan\AppData\Local\openvr\openvrpaths.vrpath
Unable to read VR Path Registry from C:\Users\Charan\AppData\Local\openvr\openvrpaths.vrpath
Unable to read VR Path Registry from C:\Users\Charan\AppData\Local\openvr\openvrpaths.vrpath
Unable to read VR Path Registry from C:\Users\Charan\AppData\Local\openvr\openvrpaths.vrpath
[Parent 5708, Gecko_IOThread] WARNING: file z:/build/build/src/ipc/chromium/src/base/process_util_win.cc, line 188
1526712910185	Marionette	INFO	Listening on port 50038
1526712911289	Marionette	WARN	TLS certificate errors will be ignored for this session
Unable to read VR Path Registry from C:\Users\Charan\AppData\Local\openvr\openvrpaths.vrpath
Unable to read VR Path Registry from C:\Users\Charan\AppData\Local\openvr\openvrpaths.vrpath
[Parent 5708, Gecko_IOThread] WARNING: pipe error: 109: file z:/build/build/src/ipc/chromium/src/chrome/common/ipc_channel_win.cc, line 346
[Parent 5708, Gecko_IOThread] WARNING: pipe error: 109: file z:/build/build/src/ipc/chromium/src/chrome/common/ipc_channel_win.cc, line 346
[Child 5108, Chrome_ChildThread] WARNING: pipe error: 109: file z:/build/build/src/ipc/chromium/src/chrome/common/ipc_channel_win.cc, line 346
[Parent 5708, Gecko_IOThread] WARNING: file z:/build/build/src/ipc/chromium/src/base/process_util_win.cc, line 188
[Parent 5708, Gecko_IOThread] WARNING: file z:/build/build/src/ipc/chromium/src/base/process_util_win.cc, line 188
[Parent 5708, Gecko_IOThread] WARNING: pipe error: 109: file z:/build/build/src/ipc/chromium/src/chrome/common/ipc_channel_win.cc, line 346
[Child 2964, Chrome_ChildThread] WARNING: pipe error: 109: file z:/build/build/src/ipc/chromium/src/chrome/common/ipc_channel_win.cc, line 346
ecipes: getRecipes: falling back to a synchronous message for: https://www.google.com
[Parent 6788, Gecko_IOThread] WARNING: pipe error: 109: file z:/build/build/src/ipc/chromium/src/chrome/common/ipc_channel_win.cc, line 346
[Parent 6788, Gecko_IOThread] WARNING: pipe error: 109: file z:/build/build/src/ipc/chromium/src/chrome/common/ipc_channel_win.cc, line 346

###!!! [Child][MessageChannel::SendAndWait] Error: Channel error: cannot send/recv

1526714155218	geckodriver	INFO	geckodriver 0.20.1
1526714155239	geckodriver	INFO	Listening on 127.0.0.1:50530
1526714158798	mozrunner::runner	INFO	Running command: "C:\\Program Files\\Mozilla Firefox\\firefox.exe" "-marionette" "-profile" "C:\\Users\\Charan\\AppData\\Local\\Temp\\rust_mozprofile.i3Pl3R2yfQOJ"
Unable to read VR Path Registry from C:\Users\Charan\AppData\Local\openvr\openvrpaths.vrpath
Unable to read VR Path Registry from C:\Users\Charan\AppData\Local\openvr\openvrpaths.vrpath
Unable to read VR Path Registry from C:\Users\Charan\AppData\Local\openvr\openvrpaths.vrpath
Unable to read VR Path Registry from C:\Users\Charan\AppData\Local\openvr\openvrpaths.vrpath
[Parent 7568, Gecko_IOThread] WARNING: pipe error: 109: file z:/build/build/src/ipc/chromium/src/chrome/common/ipc_channel_win.cc, line 346
[Child 6608, Chrome_ChildThread] WARNING: pipe error: 109: file z:/build/build/src/ipc/chromium/src/chrome/common/ipc_channel_win.cc, line 346
[Child 6608, Chrome_ChildThread] WARNING: pipe error: 109: file z:/build/build/src/ipc/chromium/src/chrome/common/ipc_channel_win.cc, line 346
Unable to read VR Path Registry from C:\Users\Charan\AppData\Local\openvr\openvrpaths.vrpath
Unable to read VR Path Registry from C:\Users\Charan\AppData\Local\openvr\openvrpaths.vrpath
1526714174585	Marionette	INFO	Listening on port 50544
1526714174928	Marionette	WARN	TLS certificate errors will be ignored for this session
[Parent 7568, Gecko_IOThread] WARNING: pipe error: 109: file z:/build/build/src/ipc/chromium/src/chrome/common/ipc_channel_win.cc, line 346
1526714196923	addons.productaddons	WARN	Failed downloading via XHR, status: 0, reason: error
*** UTM:SVC TimerManager:registerTimer called after profile-before-change notification. Ignoring timer registration for id: telemetry_modules_ping
[GPU 6984, Chrome_ChildThread] WARNING: pipe error: 109: file z:/build/build/src/ipc/chromium/src/chrome/common/ipc_channel_win.cc, line 346

###!!! [Child][MessageChannel::SendAndWait] Error: Channel error: cannot send/recv

1526714468432	geckodriver	INFO	geckodriver 0.20.1
1526714468449	geckodriver	INFO	Listening on 127.0.0.1:51039
1526714471452	mozrunner::runner	INFO	Running command: "C:\\Program Files\\Mozilla Firefox\\firefox.exe" "-marionette" "-profile" "C:\\Users\\Charan\\AppData\\Local\\Temp\\rust_mozprofile.hFu09he1ls9s"
Unable to read VR Path Registry from C:\Users\Charan\AppData\Local\openvr\openvrpaths.vrpath
Unable to read VR Path Registry from C:\Users\Charan\AppData\Local\openvr\openvrpaths.vrpath
Unable to read VR Path Registry from C:\Users\Charan\AppData\Local\openvr\openvrpaths.vrpath
Unable to read VR Path Registry from C:\Users\Charan\AppData\Local\openvr\openvrpaths.vrpath
Unable to read VR Path Registry from C:\Users\Charan\AppData\Local\openvr\openvrpaths.vrpath
1526714477530	Marionette	INFO	Listening on port 51053
1526714477952	Marionette	WARN	TLS certificate errors will be ignored for this session
[Parent 7236, Gecko_IOThread] WARNING: pipe error: 109: file z:/build/build/src/ipc/chromium/src/chrome/common/ipc_channel_win.cc, line 346
[Parent 7236, Gecko_IOThread] WARNING: pipe error: 109: file z:/build/build/src/ipc/chromium/src/chrome/common/ipc_channel_win.cc, line 346
*** UTM:SVC TimerManager:registerTimer called after profile-before-change notification. Ignoring timer registration for id: telemetry_modules_ping

###!!! [Child][MessageChannel::SendAndWait] Error: Channel error: cannot send/recv

1526714559960	geckodriver	INFO	geckodriver 0.20.1
1526714559975	geckodriver	INFO	Listening on 127.0.0.1:51222
1526714563012	mozrunner::runner	INFO	Running command: "C:\\Program Files\\Mozilla Firefox\\firefox.exe" "-marionette" "-profile" "C:\\Users\\Charan\\AppData\\Local\\Temp\\rust_mozprofile.8DXoco8irGIQ"
Unable to read VR Path Registry from C:\Users\Charan\AppData\Local\openvr\openvrpaths.vrpath
Unable to read VR Path Registry from C:\Users\Charan\AppData\Local\openvr\openvrpaths.vrpath
Unable to read VR Path Registry from C:\Users\Charan\AppData\Local\openvr\openvrpaths.vrpath
Unable to read VR Path Registry from C:\Users\Charan\AppData\Local\openvr\openvrpaths.vrpath
Unable to read VR Path Registry from C:\Users\Charan\AppData\Local\openvr\openvrpaths.vrpath
1526714567842	Marionette	INFO	Listening on port 51234
1526714568376	Marionette	WARN	TLS certificate errors will be ignored for this session
[Parent 1712, Gecko_IOThread] WARNING: pipe error: 109: file z:/build/build/src/ipc/chromium/src/chrome/common/ipc_channel_win.cc, line 346
[Child 4764, Chrome_ChildThread] WARNING: pipe error: 109: file z:/build/build/src/ipc/chromium/src/chrome/common/ipc_channel_win.cc, line 346
[Child 4764, Chrome_ChildThread] WARNING: pipe error: 109: file z:/build/build/src/ipc/chromium/src/chrome/common/ipc_channel_win.cc, line 346
[Parent 1712, Gecko_IOThread] WARNING: pipe error: 109: file z:/build/build/src/ipc/chromium/src/chrome/common/ipc_channel_win.cc, line 346
[Parent 1712, Gecko_IOThread] WARNING: pipe error: 109: file z:/build/build/src/ipc/chromium/src/chrome/common/ipc_channel_win.cc, line 346
*** UTM:SVC TimerManager:registerTimer called after profile-before-change notification. Ignoring timer registration for id: telemetry_modules_ping

###!!! [Child][MessageChannel::SendAndWait] Error: Channel error: cannot send/recv

1526714611587	geckodriver	INFO	geckodriver 0.20.1
1526714611603	geckodriver	INFO	Listening on 127.0.0.1:51344
1526714614609	mozrunner::runner	INFO	Running command: "C:\\Program Files\\Mozilla Firefox\\firefox.exe" "-marionette" "-profile" "C:\\Users\\Charan\\AppData\\Local\\Temp\\rust_mozprofile.P5lCCWnRMxMy"
Unable to read VR Path Registry from C:\Users\Charan\AppData\Local\openvr\openvrpaths.vrpath
Unable to read VR Path Registry from C:\Users\Charan\AppData\Local\openvr\openvrpaths.vrpath
Unable to read VR Path Registry from C:\Users\Charan\AppData\Local\openvr\openvrpaths.vrpath
Unable to read VR Path Registry from C:\Users\Charan\AppData\Local\openvr\openvrpaths.vrpath
Unable to read VR Path Registry from C:\Users\Charan\AppData\Local\openvr\openvrpaths.vrpath
1526714619313	Marionette	INFO	Listening on port 51356
1526714619897	Marionette	WARN	TLS certificate errors will be ignored for this session
JavaScript error: , line 0: uncaught exception: TagError: adsbygoogle.push() error: No slot size for availableWidth=0
[Child 3708, Chrome_ChildThread] WARNING: pipe error: 109: file z:/build/build/src/ipc/chromium/src/chrome/common/ipc_channel_win.cc, line 346
[Parent 1824, Gecko_IOThread] WARNING: pipe error: 109: file z:/build/build/src/ipc/chromium/src/chrome/common/ipc_channel_win.cc, line 346
[Parent 1824, Gecko_IOThread] WARNING: pipe error: 109: file z:/build/build/src/ipc/chromium/src/chrome/common/ipc_channel_win.cc, line 346
*** UTM:SVC TimerManager:registerTimer called after profile-before-change notification. Ignoring timer registration for id: telemetry_modules_ping

###!!! [Child][MessageChannel::SendAndWait] Error: Channel error: cannot send/recv

1526714685004	geckodriver	INFO	geckodriver 0.20.1
1526714685020	geckodriver	INFO	Listening on 127.0.0.1:51592
1526714688064	mozrunner::runner	INFO	Running command: "C:\\Program Files\\Mozilla Firefox\\firefox.exe" "-marionette" "-profile" "C:\\Users\\Charan\\AppData\\Local\\Temp\\rust_mozprofile.cFC8yM5i9l27"
Unable to read VR Path Registry from C:\Users\Charan\AppData\Local\openvr\openvrpaths.vrpath
Unable to read VR Path Registry from C:\Users\Charan\AppData\Local\openvr\openvrpaths.vrpath
Unable to read VR Path Registry from C:\Users\Charan\AppData\Local\openvr\openvrpaths.vrpath
Unable to read VR Path Registry from C:\Users\Charan\AppData\Local\openvr\openvrpaths.vrpath
Unable to read VR Path Registry from C:\Users\Charan\AppData\Local\openvr\openvrpaths.vrpath
1526714692539	Marionette	INFO	Listening on port 51606
1526714693288	Marionette	WARN	TLS certificate errors will be ignored for this session
[Parent 5748, Gecko_IOThread] WARNING: pipe error: 109: file z:/build/build/src/ipc/chromium/src/chrome/common/ipc_channel_win.cc, line 346
[Parent 5748, Gecko_IOThread] WARNING: pipe error: 109: file z:/build/build/src/ipc/chromium/src/chrome/common/ipc_channel_win.cc, line 346
*** UTM:SVC TimerManager:registerTimer called after profile-before-change notification. Ignoring timer registration for id: telemetry_modules_ping

###!!! [Child][MessageChannel::SendAndWait] Error: Channel error: cannot send/recv

1526716224370	geckodriver	INFO	geckodriver 0.20.1
1526716224387	geckodriver	INFO	Listening on 127.0.0.1:53820
1526716227519	mozrunner::runner	INFO	Running command: "C:\\Program Files\\Mozilla Firefox\\firefox.exe" "-marionette" "-profile" "C:\\Users\\Charan\\AppData\\Local\\Temp\\rust_mozprofile.dk6rsMKTrFEP"
Unable to read VR Path Registry from C:\Users\Charan\AppData\Local\openvr\openvrpaths.vrpath
Unable to read VR Path Registry from C:\Users\Charan\AppData\Local\openvr\openvrpaths.vrpath
Unable to read VR Path Registry from C:\Users\Charan\AppData\Local\openvr\openvrpaths.vrpath
1526716237427	Marionette	INFO	Listening on port 53838
1526716237511	Marionette	WARN	TLS certificate errors will be ignored for this session
Unable to read VR Path Registry from C:\Users\Charan\AppData\Local\openvr\openvrpaths.vrpath
Unable to read VR Path Registry from C:\Users\Charan\AppData\Local\openvr\openvrpaths.vrpath
[Parent 2724, Gecko_IOThread] WARNING: pipe error: 109: file z:/build/build/src/ipc/chromium/src/chrome/common/ipc_channel_win.cc, line 346
[Parent 2724, Gecko_IOThread] WARNING: pipe error: 109: file z:/build/build/src/ipc/chromium/src/chrome/common/ipc_channel_win.cc, line 346
*** UTM:SVC TimerManager:registerTimer called after profile-before-change notification. Ignoring timer registration for id: telemetry_modules_ping

###!!! [Child][MessageChannel::SendAndWait] Error: Channel error: cannot send/recv

1526716690668	geckodriver	INFO	geckodriver 0.20.1
1526716690683	geckodriver	INFO	Listening on 127.0.0.1:54540
1526716693699	mozrunner::runner	INFO	Running command: "C:\\Program Files\\Mozilla Firefox\\firefox.exe" "-marionette" "-profile" "C:\\Users\\Charan\\AppData\\Local\\Temp\\rust_mozprofile.iQrX17n3kT1K"
Unable to read VR Path Registry from C:\Users\Charan\AppData\Local\openvr\openvrpaths.vrpath
Unable to read VR Path Registry from C:\Users\Charan\AppData\Local\openvr\openvrpaths.vrpath
Unable to read VR Path Registry from C:\Users\Charan\AppData\Local\openvr\openvrpaths.vrpath
Unable to read VR Path Registry from C:\Users\Charan\AppData\Local\openvr\openvrpaths.vrpath
Unable to read VR Path Registry from C:\Users\Charan\AppData\Local\openvr\openvrpaths.vrpath
[Parent 7336, Gecko_IOThread] WARNING: pipe error: 109: file z:/build/build/src/ipc/chromium/src/chrome/common/ipc_channel_win.cc, line 346
[Child 2892, Chrome_ChildThread] WARNING: pipe error: 109: file z:/build/build/src/ipc/chromium/src/chrome/common/ipc_channel_win.cc, line 346
[Child 2892, Chrome_ChildThread] WARNING: pipe error: 109: file z:/build/build/src/ipc/chromium/src/chrome/common/ipc_channel_win.cc, line 346
1526716716823	Marionette	INFO	Listening on port 54554
1526716717872	Marionette	WARN	TLS certificate errors will be ignored for this session
Unable to read VR Path Registry from C:\Users\Charan\AppData\Local\openvr\openvrpaths.vrpath

###!!! [Parent][DispatchAsyncMessage] Error: PClientSourceOp::Msg___delete__ Route error: message sent to unknown actor ID

[Parent 7336, Gecko_IOThread] WARNING: pipe error: 109: file z:/build/build/src/ipc/chromium/src/chrome/common/ipc_channel_win.cc, line 346
[Parent 7336, Gecko_IOThread] WARNING: pipe error: 109: file z:/build/build/src/ipc/chromium/src/chrome/common/ipc_channel_win.cc, line 346
[Parent 7336, Gecko_IOThread] WARNING: pipe error: 109: file z:/build/build/src/ipc/chromium/src/chrome/common/ipc_channel_win.cc, line 346

###!!! [Child][RunMessage] Error: Channel closing: too late to send/recv, messages will be lost


###!!! [Child][MessageChannel::SendAndWait] Error: Channel error: cannot send/recv

1526716844382	geckodriver	INFO	geckodriver 0.20.1
1526716844399	geckodriver	INFO	Listening on 127.0.0.1:54867
1526716847521	mozrunner::runner	INFO	Running command: "C:\\Program Files\\Mozilla Firefox\\firefox.exe" "-marionette" "-profile" "C:\\Users\\Charan\\AppData\\Local\\Temp\\rust_mozprofile.alrwq4YMsFXd"
Unable to read VR Path Registry from C:\Users\Charan\AppData\Local\openvr\openvrpaths.vrpath
Unable to read VR Path Registry from C:\Users\Charan\AppData\Local\openvr\openvrpaths.vrpath
Unable to read VR Path Registry from C:\Users\Charan\AppData\Local\openvr\openvrpaths.vrpath
Unable to read VR Path Registry from C:\Users\Charan\AppData\Local\openvr\openvrpaths.vrpath
Unable to read VR Path Registry from C:\Users\Charan\AppData\Local\openvr\openvrpaths.vrpath
1526716855829	Marionette	INFO	Listening on port 54879
1526716856320	Marionette	WARN	TLS certificate errors will be ignored for this session

###!!! [Parent][DispatchAsyncMessage] Error: PClientSourceOp::Msg___delete__ Route error: message sent to unknown actor ID

[Parent 8072, Gecko_IOThread] WARNING: pipe error: 109: file z:/build/build/src/ipc/chromium/src/chrome/common/ipc_channel_win.cc, line 346
[Child 6184, Chrome_ChildThread] WARNING: pipe error: 109: file z:/build/build/src/ipc/chromium/src/chrome/common/ipc_channel_win.cc, line 346
[Child 6184, Chrome_ChildTUnable to read VR Path Registry from C:\Users\Charan\AppData\Local\openvr\openvrpaths.vrpath
Unable to read VR Path Registry from C:\Users\Charan\AppData\Local\openvr\openvrpaths.vrpath
[Parent 8072, Gecko_IOThread] WARNING: pipe error: 109: file z:/build/build/src/ipc/chromium/src/chrome/common/ipc_channel_win.cc, line 346
[Parent 8072, Gecko_IOThread] WARNING: pipe error: 109: file z:/build/build/src/ipc/chromium/src/chrome/common/ipc_channel_win.cc, line 346
[Parent 8072, Gecko_IOThread] WARNING: pipe error: 109: file z:/build/build/src/ipc/chromium/src/chrome/common/ipc_channel_win.cc, line 346
[
###!!! [Parent][DispatchAsyncMessage] Error: PClientSourceOp::Msg___delete__ Route error: message sent to unknown actor ID

IPDL protocol error: Handler returned error code!

###!!! [Parent][DispatchAsyncMessage] Error: PLayerTransaction::Msg_ReleaseLayer Processing error: message was deserialized, but the handler returned false (indicating failure)


###!!! [Child][RunMessage] Error: Channel closing: too late to send/recv, messages will be lost

[Parent 4820, Gecko_IOThread] WARNING: pipe error: 109: file z:/build/build/src/ipc/chromium/src/chrome/common/ipc_channel_win.cc, line 346
*** UTM:SVC TimerManager:registerTimer called after profile-before-change notification. Ignoring timer registration for id: telemetry_modules_ping

###!!! [Child][MessageChannel::SendAndWait] Error: Channel error: cannot send/recv

1526717076632	geckodriver	INFO	geckodriver 0.20.1
1526717076647	geckodriver	INFO	Listening on 127.0.0.1:55363
1526717079780	mozrunner::runner	INFO	Running command: "C:\\Program Files\\Mozilla Firefox\\firefox.exe" "-marionette" "-profile" "C:\\Users\\Charan\\AppData\\Local\\Temp\\rust_mozprofile.sL3fMna8NwWq"
Unable to read VR Path Registry from C:\Users\Charan\AppData\Local\openvr\openvrpaths.vrpath
Unable to read VR Path Registry from C:\Users\Charan\AppData\Local\openvr\openvrpaths.vrpath
Unable to read VR Path Registry from C:\Users\Charan\AppData\Local\openvr\openvrpaths.vrpath
Unable to read VR Path Registry from C:\Users\Charan\AppData\Local\openvr\openvrpaths.vrpath
Unable to read VR Path Registry from C:\Users\Charan\AppData\Local\openvr\openvrpaths.vrpath
1526717086588	Marionette	INFO	Listening on port 55378
1526717087302	Marionette	WARN	TLS certificate errors will be ignored for this session

###!!! [Parent][DispatchAsyncMessage] Error: PClientSourceOp::Msg___delete__ Route error: message sent to unknown actor ID

IPDL protocol error: Handler returned error code!

###!!! [Parent][DispatchAsyncMessage] Error: PImageBridge::Msg_Update Processing error: message was deserialized, but the handler returned false (indicating failure)

IPDL protocol error: Handler returned error code!

###!!! [Parent][DispatchAsyncMessage] Error: PImageBridge::Msg_Update Processing error: message was deserialized, but the handler returned false (indicating failure)

[Parent 3756, Gecko_IOThread] WARNING: pipe error: 109: file z:/build/build/src/ipc/chromium/src/chrome/common/ipc_channel_win.cc, line 346
IPDL protocol error: Handler returned error code!

###!!! [Parent][DispatchAsyncMessage] Error: PImageBridge::Msg_Update Processing error: message was deserialized, but the handler returned false (indicating failure)

[Child 5920, MediaPlayback #3] WARNING: Decoder=27f8885d3e0 Decode error: NS_ERROR_DOM_MEDIA_FATAL_ERR (0x806e0005) - class RefPtr<class mozilla::MozPromise<class RefPtr<class mozilla::MediaTrackDemuxer::SamplesHolder>,class mozilla::MediaResult,1> > __cdecl mozilla::MediaSourceTrackDemuxer::DoGetSamples(int): manager is detached.: file z:/build/build/src/dom/media/MediaDecoderStateMachine.cpp, line 3445
[Child 5920, MediaPlayback #2] WARNING: Decoder=27f8885d3e0 Decode error: NS_ERROR_DOM_MEDIA_FATAL_ERR (0x806e0005) - class RefPtr<class mozilla::MozPromise<class RefPtr<class mozilla::MediaTrackDemuxer::SamplesHolder>,class mozilla::MediaResult,1> > __cdecl mozilla::MediaSourceTrackDemuxer::DoGetSamples(int): manager is detached.: file z:/build/build/src/dom/media/MediaDecoderStateMachine.cpp, line 3445
IPDL protocol error: Handler returned error code!

###!!! [Parent][DispatchAsyncMessage] Error: PImageBridge::Msg_Update Processing error: message was deserialized, but the handler returned false (indicating failure)

[Child 5920, MediaPlayback #3] WARNING: Decoder=27f8885d3e0 Decode error: NS_ERROR_DOM_MEDIA_FATAL_ERR (0x806e0005) - class RefPtr<class mozilla::MozPromise<class RefPtr<class mozilla::MediaTrackDemuxer::SamplesHolder>,class mozilla::MediaResult,1> > __cdecl mozilla::MediaSourceTrackDemuxer::DoGetSamples(int): manager is detached.: file z:/build/build/src/dom/media/MediaDecoderStateMachine.cpp, line 3445
[Child 5920, MediaPlayback #2] WARNING: Decoder=27f8885d3e0 Decode error: NS_ERROR_DOM_MEDIA_FATAL_ERR (0x806e0005) - class RefPtr<class mozilla::MozPromise<class RefPtr<class mozilla::MediaTrackDemuxer::SamplesHolder>,class mozilla::MediaResult,1> > __cdecl mozilla::MediaSourceTrackDemuxer::DoGetSamples(int): manager is detached.: file z:/build/build/src/dom/media/MediaDecoderStateMachine.cpp, line 3445
IPDL protocol error: Handler returned error code!

###!!! [Parent][DispatchAsyncMessage] Error: PImageBridge::Msg_Update Processing error: message was deserialized, but the handler returned false (indicating failure)

[Parent 3756, Gecko_IOThread] WARNING: pipe error: 109: file z:/build/build/src/ipc/chromium/src/chrome/common/ipc_channel_win.cc, line 346
[Ch[Parent 3756, Gecko_IOThread] WARNING: pipe error: 109: file z:/build/build/src/ipc/chromium/src/chrome/common/ipc_channel_win.cc, line 346
*** UTM:SVC TimerManager:registerTimer called after profile-before-change notification. Ignoring timer registration for id: telemetry_modules_ping
JavaScript error: resource://gre/modules/osfile/osfile_async_front.jsm, line 408: Error: OS.File has been shut down. Rejecting post to DirectoryIterator_prototype_close
JavaScript error: resource://gre/modules/osfile/osfile_async_front.jsm, line 424: Error: OS.File has been shut down. Rejecting request to DirectoryIterator_prototype_next

###!!! [Child][MessageChannel::SendAndWait] Error: Channel error: cannot send/recv

1526721173573	geckodriver	INFO	geckodriver 0.20.1
1526721173591	geckodriver	INFO	Listening on 127.0.0.1:59271
1526721176816	mozrunner::runner	INFO	Running command: "C:\\Program Files\\Mozilla Firefox\\firefox.exe" "-marionette" "-profile" "C:\\Users\\Charan\\AppData\\Local\\Temp\\rust_mozprofile.8U4X45T8ZMsg"
Unable to read VR Path Registry from C:\Users\Charan\AppData\Local\openvr\openvrpaths.vrpath
Unable to read VR Path Registry from C:\Users\Charan\AppData\Local\openvr\openvrpaths.vrpath
Unable to read VR Path Registry from C:\Users\Charan\AppData\Local\openvr\openvrpaths.vrpath
Unable to read VR Path Registry from C:\Users\Charan\AppData\Local\openvr\openvrpaths.vrpath
[Child 7392, Chrome_ChildThread] WARNING: pipe error: 109: file z:/build/build/src/ipc/chromium/src/chrome/common/ipc_channel_win.cc, line 346
[Parent 7780, Gecko_IOThread] WARNING: file z:/build/build/src/ipc/chromium/src/base/process_util_win.cc, line 188
1526721210645	Marionette	INFO	Listening on port 59283
Unable to read VR Path Registry from C:\Users\Charan\AppData\Local\openvr\openvrpaths.vrpath
Unable to read VR Path Registry from C:\Users\Charan\AppData\Local\openvr\openvrpaths.vrpath
1526721211915	Marionette	WARN	TLS certificate errors will be ignored for this session
1526721228700	addons.productaddons	WARN	Failed downloading via XHR, status: 0, reason: error
1526721228983	addons.productaddons	WARN	Failed downloading via XHR, status: 0, reason: error
IPDL protocol error: Handler returned error code!

###!!! [Parent][DispatchAsyncMessage] Error: PLayerTransaction::Msg_ReleaseLayer Processing error: message was deserialized, but the handler returned false (indicating failure)

IPDL protocol error: Handler returned error code!

###!!! [Parent][DispatchAsyncMessage] Error: PLayerTransaction::Msg_ReleaseLayer Processing error: message was deserialized, but the handler returned false (indicating failure)

IPDL protocol error: Handler returned error code!

###!!! [Parent][DispatchAsyncMessage] Error: PLayerTransaction::Msg_ReleaseLayer Processing error: message was deserialized, but the handler returned false (indicating failure)

IPDL protocol error: Handler returned error code!

###!!! [Parent][DispatchAsyncMessage] Error: PLayerTransaction::Msg_ReleaseLayer Processing error: message was deserialized, but the handler returned false (indicating failure)

IPDL protocol error: Handler returned error code!

###!!! [Parent][DispatchAsyncMessage] Error: PLayerTransaction::Msg_ReleaseLayer Processing error: message was deserialized, but the handler returned false (indicating failure)

IPDL protocol error: Handler returned error code!

###!!! [Parent][DispatchAsyncMessage] Error: PLayerTransaction::Msg_ReleaseLayer Processing error: message was deserialized, but the handler returned false (indicating failure)

IPDL protocol error: Handler returned error code!

###!!! [Parent][DispatchAsyncMessage] Error: PLayerTransaction::Msg_ReleaseLayer Processing error: message was deserialized, but the handler returned false (indicating failure)

[Parent 7780, Gecko_IOThread] WARNING: pipe error: 109: file z:/build/build/src/ipc/chromium/src/chrome/common/ipc_channel_win.cc, line 346
[Child 5852, Chrome_ChildThread] WARNING: pipe error: 109: file z:/build/build/src/ipc/chromium/src/chrome/common/ipc_channel_win.cc, line 346
[Child 5852, Chrome_ChildThread] WARNING: pipe error: 109: file z:/build/build/src/ipc/chromium/src/chrome/common/ipc_channel_win.cc, line 346
[Parent 7780, Gecko_IOThread] WARNING: pipe error: 109: file z:/build/build/src/ipc/chromium/src/chrome/common/ipc_channel_win.cc, line 346
[Child 5216, Chrome_ChildThread] WARNING: pipe error: 109: file z:/build/build/src/ipc/chromium/src/chrome/common/ipc_channel_win.cc, line 346
[Child 5216, Chrome_ChildThread] WARNING: pipe error: 109: file z:/build/build/src/ipc/chromium/src/chrome/common/ipc_ch*** UTM:SVC TimerManager:registerTimer called after profile-before-change notification. Ignoring timer registration for id: telemetry_modules_ping

###!!! [Child][MessageChannel::SendAndWait] Error: Channel error: cannot send/recv

1526721276758	geckodriver	INFO	geckodriver 0.20.1
1526721276776	geckodriver	INFO	Listening on 127.0.0.1:59539
1526721279834	mozrunner::runner	INFO	Running command: "C:\\Program Files\\Mozilla Firefox\\firefox.exe" "-marionette" "-profile" "C:\\Users\\Charan\\AppData\\Local\\Temp\\rust_mozprofile.OVT8KiRp2YNA"
Unable to read VR Path Registry from C:\Users\Charan\AppData\Local\openvr\openvrpaths.vrpath
Unable to read VR Path Registry from C:\Users\Charan\AppData\Local\openvr\openvrpaths.vrpath
Unable to read VR Path Registry from C:\Users\Charan\AppData\Local\openvr\openvrpaths.vrpath
Unable to read VR Path Registry from C:\Users\Charan\AppData\Local\openvr\openvrpaths.vrpath
Unable to read VR Path Registry from C:\Users\Charan\AppData\Local\openvr\openvrpaths.vrpath
1526721285781	Marionette	INFO	Listening on port 59552
1526721286228	Marionette	WARN	TLS certificate errors will be ignored for this session

###!!! [Parent][DispatchAsyncMessage] Error: PClientSourceOp::Msg___delete__ Route error: message sent to unknown actor ID

IPDL protocol error: Handler returned error code!

###!!! [Parent][DispatchAsyncMessage] Error: PLayerTransaction::Msg_ReleaseLayer Processing error: message was deserialized, but the handler returned false (indicating failure)

IPDL protocol error: Handler returned error code!

###!!! [Parent][DispatchAsyncMessage] Error: PLayerTransaction::Msg_ReleaseLayer Processing error: message was deserialized, but the handler returned false (indicating failure)

[Child 6620, Chrome_ChildThread] WARNING: pipe error: 109: file z:/build/build/src/ipc/chromium/src/chrome/common/ipc_channel_win.cc, line 346
[Child 6620, Chrome_ChildThread] WARNING: pipe error: 109: file z:/build/build/src/ipc/chromium/src/chrome/common/ipc_channel_win.cc, line 346

###!!! [Child][RunMessage] Error: Channel closing: too late to send/recv, messages will be lost


###!!! [Child][RunMessage] Error: Channel closing: too late to send/recv, messages will be lost


###!!! [Child][RunMessage] Error: Channel closing: too late to send/recv, messages will be lost

[Parent 5260, Gecko_IOThread] WARNING: pipe error: 109: file z:/build/build/src/ipc/chromium/src/chrome/common/ipc_channel_win.cc, line 346
*** UTM:SVC TimerManager:registerTimer called after profile-before-change notification. Ignoring timer registration for id: telemetry_modules_ping

###!!! [Child][MessageChannel::SendAndWait] Error: Channel error: cannot send/recv

1526722076193	geckodriver	INFO	geckodriver 0.20.1
1526722076208	geckodriver	INFO	Listening on 127.0.0.1:60808
1526722079257	mozrunner::runner	INFO	Running command: "C:\\Program Files\\Mozilla Firefox\\firefox.exe" "-marionette" "-profile" "C:\\Users\\Charan\\AppData\\Local\\Temp\\rust_mozprofile.b9okSRNvLtih"
Unable to read VR Path Registry from C:\Users\Charan\AppData\Local\openvr\openvrpaths.vrpath
Unable to read VR Path Registry from C:\Users\Charan\AppData\Local\openvr\openvrpaths.vrpath
Unable to read VR Path Registry from C:\Users\Charan\AppData\Local\openvr\openvrpaths.vrpath
Unable to read VR Path Registry from C:\Users\Charan\AppData\Local\openvr\openvrpaths.vrpath
1526722084961	Marionette	INFO	Listening on port 60820
Unable to read VR Path Registry from C:\Users\Charan\AppData\Local\openvr\openvrpaths.vrpath
1526722085377	Marionette	WARN	TLS certificate errors will be ignored for this session
IPDL protocol error: Handler returned error code!

###!!! [Parent][DispatchAsyncMessage] Error: PImageBridge::Msg_Update Processing error: message was deserialized, but the handler returned false (indicating failure)

IPDL protocol error: Handler returned error code!

###!!! [Parent][DispatchAsyncMessage] Error: PImageBridge::Msg_Update Processing error: message was deserialized, but the handler returned false (indicating failure)

IPDL protocol error: Handler returned error code!

###!!! [Parent][DispatchAsyncMessage] Error: PImageBridge::Msg_Update Processing error: message was deserialized, but the handler returned false (indicating failure)

[Parent 4236, Gecko_IOThread] WARNING: pipe error: 109: file z:/build/build/src/ipc/chromium/src/chrome/common/ipc_channel_win.cc, line 346
[Parent 4236, Gecko_IOThread] WARNING: pipe error: 109: file z:/build/build/src/ipc/chromium/src/chrome/common/ipc_channel_win.cc, line 346
[Child 2860, Chrome_ChildThread] WARNING: pipe error: 109: file z:/build/build/src/ipc/chromium/src/chrome/common/ipc_channel_win.cc, line 346
[Child 2860, Chrome_ChildThread] WARNING: pipe error: 109: file z:/build/build/src/ipc/chromium/src/chrome/common/ipc_channel_win.cc, line 346
[Parent 4236, Gecko_IOThread] WARNING: pipe error: 109: file z:/build/build/src/ipc/chromium/src/chrome/common/ipc_channel_win.cc, line 346
[GPU 2692, Chrome_ChildThread] WARNING: pipe error: 109: file z:/build/build/src/ipc/chromium/src/c
###!!! [Child][MessageChannel::SendAndWait] Error: Channel error: cannot send/recv

1526722338345	geckodriver	INFO	geckodriver 0.20.1
1526722338359	geckodriver	INFO	Listening on 127.0.0.1:61253
1526722341363	mozrunner::runner	INFO	Running command: "C:\\Program Files\\Mozilla Firefox\\firefox.exe" "-marionette" "-profile" "C:\\Users\\Charan\\AppData\\Local\\Temp\\rust_mozprofile.6x4FgOvsgHIR"
Unable to read VR Path Registry from C:\Users\Charan\AppData\Local\openvr\openvrpaths.vrpath
Unable to read VR Path Registry from C:\Users\Charan\AppData\Local\openvr\openvrpaths.vrpath
Unable to read VR Path Registry from C:\Users\Charan\AppData\Local\openvr\openvrpaths.vrpath
Unable to read VR Path Registry from C:\Users\Charan\AppData\Local\openvr\openvrpaths.vrpath
Unable to read VR Path Registry from C:\Users\Charan\AppData\Local\openvr\openvrpaths.vrpath
1526722349501	Marionette	INFO	Listening on port 61265
1526722349750	Marionette	WARN	TLS certificate errors will be ignored for this session
[Child 2424, Chrome_ChildThread] WARNING: pipe error: 109: file z:/build/build/src/ipc/chromium/src/chrome/common/ipc_channel_win.cc, line 346
[Child 2424, Chrome_ChildThread] WARNING: pipe error: 109: file z:/build/build/src/ipc/chromium/src/chrome/common/ipc_channel_win.cc, line 346
[Parent 1216, Gecko_IOThread] WARNING: pipe error: 109: file z:/build/build/src/ipc/chromium/src/chrome/common/ipc_channel_win.cc, line 346
[Child 6196, Chrome_ChildThread] WARNING: pipe error: 109: file z:/build/build/src/ipc/chromium/src/chrome/common/ipc_channel_win.cc, line 346
[Child 6196, Chrome_ChildThread] WARNING: pipe error: 109: file z:/build/build/src/ipc/chromium/src/chrome/common/ipc_channel_win.cc, line 346

###!!! [Child][RunMessage] Error: Channel closing: too late to send/recv, messages will be lost

[Parent 1216, Gecko_IOThread] WARNING: pipe error: 109: file z:/build/build/src/ipc/chromium/src/chrome/common/ipc_channel_win.cc, line 346
*** UTM:SVC TimerManager:registerTimer called after profile-before-change notification. Ignoring timer registration for id: telemetry_modules_ping

###!!! [Child][MessageChannel::SendAndWait] Error: Channel error: cannot send/recv

1526722461684	geckodriver	INFO	geckodriver 0.20.1
1526722461698	geckodriver	INFO	Listening on 127.0.0.1:61494
1526722464773	mozrunner::runner	INFO	Running command: "C:\\Program Files\\Mozilla Firefox\\firefox.exe" "-marionette" "-profile" "C:\\Users\\Charan\\AppData\\Local\\Temp\\rust_mozprofile.5ihUF7CPtmVO"
Unable to read VR Path Registry from C:\Users\Charan\AppData\Local\openvr\openvrpaths.vrpath
Unable to read VR Path Registry from C:\Users\Charan\AppData\Local\openvr\openvrpaths.vrpath
Unable to read VR Path Registry from C:\Users\Charan\AppData\Local\openvr\openvrpaths.vrpath
Unable to read VR Path Registry from C:\Users\Charan\AppData\Local\openvr\openvrpaths.vrpath
1526722469876	Marionette	INFO	Listening on port 61506
Unable to read VR Path Registry from C:\Users\Charan\AppData\Local\openvr\openvrpaths.vrpath
1526722470337	Marionette	WARN	TLS certificate errors will be ignored for this session
IPDL protocol error: Handler returned error code!

###!!! [Parent][DispatchAsyncMessage] Error: PImageBridge::Msg_Update Processing error: message was deserialized, but the handler returned false (indicating failure)

IPDL protocol error: Handler returned error code!

###!!! [Parent][DispatchAsyncMessage] Error: PImageBridge::Msg_Update Processing error: message was deserialized, but the handler returned false (indicating failure)

IPDL protocol error: Handler returned error code!

###!!! [Parent][DispatchAsyncMessage] Error: PImageBridge::Msg_Update Processing error: message was deserialized, but the handler returned false (indicating failure)

IPDL protocol error: Handler returned error code!

###!!! [Parent][DispatchAsyncMessage] Error: PImageBridge::Msg_Update Processing error: message was deserialized, but the handler returned false (indicating failure)

[Child 3496, Chrome_ChildThread] WARNING: pipe error: 109: file z:/build/build/src/ipc/chromium/src/chrome/common/ipc_channel_win.cc, line 346
[Child 3496, Chrome_ChildThread] WARNING: pipe error: 109: file z:/build/build/src/ipc/chromium/src/chrome/common/ipc_channel_win.cc, line 346

###!!! [Child][RunMessage] Error: Channel closing: too late to send/recv, messages will be lost

[Parent 7364, Gecko_IOThread] WARNING: pipe error: 109: file z:/build/build/src/ipc/chromium/src/chrome/common/ipc_channel_win.cc, line 346
[Child 3904, Chrome_ChildThread] WARNING: pipe error: 109: file z:/build/build/src/ipc/chromium/src/chrome/common/ipc_channel_win.cc, line 346
[Child 3904, Chrome_ChildThread] WARNING: pipe error: 109: file z:/build/build/src/ipc/chromium/src/chrome/common/ipc_channel_win.cc, line 346
*** UTM:SVC TimerManager:registerTimer called after profile-before-change notification. Ignoring timer registration for id: telemetry_modules_ping

###!!! [Child][MessageChannel::SendAndWait] Error: Channel error: cannot send/recv

1526722809716	geckodriver	INFO	geckodriver 0.20.1
1526722809730	geckodriver	INFO	Listening on 127.0.0.1:62110
1526722812759	mozrunner::runner	INFO	Running command: "C:\\Program Files\\Mozilla Firefox\\firefox.exe" "-marionette" "-profile" "C:\\Users\\Charan\\AppData\\Local\\Temp\\rust_mozprofile.P36gb6XUyvoG"
Unable to read VR Path Registry from C:\Users\Charan\AppData\Local\openvr\openvrpaths.vrpath
Unable to read VR Path Registry from C:\Users\Charan\AppData\Local\openvr\openvrpaths.vrpath
Unable to read VR Path Registry from C:\Users\Charan\AppData\Local\openvr\openvrpaths.vrpath
Unable to read VR Path Registry from C:\Users\Charan\AppData\Local\openvr\openvrpaths.vrpath
1526722820671	Marionette	INFO	Listening on port 62125
1526722822035	Marionette	WARN	TLS certificate errors will be ignored for this session
Unable to read VR Path Registry from C:\Users\Charan\AppData\Local\openvr\openvrpaths.vrpath
[Child 6868, Chrome_ChildThread] WARNING: pipe error: 109: file z:/build/build/src/ipc/chromium/src/chrome/common/ipc_channel_win.cc, line 346
[Child 6868, Chrome_ChildThread] WARNING: pipe error: 109: file z:/build/build/src/ipc/chromium/src/chrome/common/ipc_channel_win.cc, line 346
[Parent 7316, Gecko_IOThread] WARNING: pipe error: 232: file z:/build/build/src/ipc/chromium/src/chrome/common/ipc_channel_win.cc, line 513
[Parent 7316, Gecko_IOThread] WARNING: pipe error: 109: file z:/build/build/src/ipc/chromium/src/chrome/common/ipc_channel_win.cc, line 346
*** UTM:SVC TimerManager:registerTimer called after profile-before-change notification. Ignoring timer registration for id: telemetry_modules_ping

###!!! [Child][MessageChannel::SendAndWait] Error: Channel error: cannot send/recv

1526808652846	geckodriver	INFO	geckodriver 0.20.1
1526808652867	geckodriver	INFO	Listening on 127.0.0.1:50119
1526808656075	mozrunner::runner	INFO	Running command: "C:\\Program Files\\Mozilla Firefox\\firefox.exe" "-marionette" "-profile" "C:\\Users\\Charan\\AppData\\Local\\Temp\\rust_mozprofile.4kOr5pRjdSOe"
Unable to read VR Path Registry from C:\Users\Charan\AppData\Local\openvr\openvrpaths.vrpath
Unable to read VR Path Registry from C:\Users\Charan\AppData\Local\openvr\openvrpaths.vrpath
Unable to read VR Path Registry from C:\Users\Charan\AppData\Local\openvr\openvrpaths.vrpath
Unable to read VR Path Registry from C:\Users\Charan\AppData\Local\openvr\openvrpaths.vrpath
[Child 7872, Chrome_ChildThread] WARNING: pipe error: 109: file z:/build/build/src/ipc/chromium/src/chrome/common/ipc_channel_win.cc, line 346
[Parent 4536, Gecko_IOThread] WARNING: file z:/build/build/src/ipc/chromium/src/base/process_util_win.cc, line 188
Unable to read VR Path Registry from C:\Users\Charan\AppData\Local\openvr\openvrpaths.vrpath
console.error: "Could not write session state file " (new Error("_initWorker called too early! Please read the session file from disk first.", "resource:///modules/sessionstore/SessionFile.jsm", 337)) "_initWorker/<@resource:///modules/sessionstore/SessionFile.jsm:337:15\n_initWorker@resource:///modules/sessionstore/SessionFile.jsm:330:12\n_postToWorker@resource:///modules/sessionstore/SessionFile.jsm:354:11\nwrite@resource:///modules/sessionstore/SessionFile.jsm:394:19\nwrite@resource:///modules/sessionstore/SessionFile.jsm:66:12\n_writeState@resource:///modules/sessionstore/SessionSaver.jsm:357:12\n_saveState@resource:///modules/sessionstore/SessionSaver.jsm:295:12\n_saveStateAsync@resource:///modules/sessionstore/SessionSaver.jsm:341:5\nsaveStateAsyncWhenIdle@resource:///modules/sessionstore/SessionSaver.jsm:192:9\n"
1526808694861	Marionette	INFO	Listening on port 50133
Unable to read VR Path Registry from C:\Users\Charan\AppData\Local\openvr\openvrpaths.vrpath
1526808695540	Marionette	WARN	TLS certificate errors will be ignored for this session
console.warn: LoginRecipes: getRecipes: falling back to a synchronous message for: https://accounts.google.com
console.warn: nsLoginManager: searchLogins: `formSubmitURL` or `httpRealm` is recommended
console.error: "Got a removal of an actor we didn't know about: server1.conn0.child1/domnode139"
console.error: "Got an addition of an actor we didn't know about: server1.conn0.child1/domnode303"
console.error: (new TypeError("node is null", "resource://devtools/shared/base-loader.js -> resource://devtools/server/actors/styles.js", 273))
getUsedFontFaces@resource://devtools/shared/base-loader.js -> resource://devtools/server/actors/styles.js:273:9
handler@resource://devtools/shared/base-loader.js -> resource://devtools/shared/protocol.js:1106:19
onPacket@resource://devtools/shared/base-loader.js -> resource://devtools/server/main.js:1769:15
receiveMessage@resource://devtools/shared/base-loader.js -> resource://devtools/shared/transport/transport.js:760:7
console.error: "Could not get the list of font families" "Protocol error (unknownError): node is null"
console.warn: LoginRecipes: getRecipes: falling back to a synchronous message for: https://accounts.google.com
console.warn: nsLoginManager: searchLogins: `formSubmitURL` or `httpRealm` is recommended
[Parent 4536, Gecko_IOThread] WARNING: pipe error: 109: file z:/build/build/src/ipc/chromium/src/chrome/common1526809053944	mozrunner::runner	INFO	Running command: "C:\\Program Files\\Mozilla Firefox\\firefox.exe" "-marionette" "-profile" "C:\\Users\\Charan\\AppData\\Local\\Temp\\rust_mozprofile.WFdfiGgyQv01"
Unable to read VR Path Registry from C:\Users\Charan\AppData\Local\openvr\openvrpaths.vrpath
Unable to read VR Path Registry from C:\Users\Charan\AppData\Local\openvr\openvrpaths.vrpath
Unable to read VR Path Registry from C:\Users\Charan\AppData\Local\openvr\openvrpaths.vrpath
Unable to read VR Path Registry from C:\Users\Charan\AppData\Local\openvr\openvrpaths.vrpath
Unable to read VR Path Registry from C:\Users\Charan\AppData\Local\openvr\openvrpaths.vrpath
1526809067062	Marionette	INFO	Listening on port 50809
1526809068024	Marionette	WARN	TLS certificate errors will be ignored for this session
console.warn: LoginRecipes: getRecipes: falling back to a synchronous message for: https://accounts.google.com
console.warn: nsLoginManager: searchLogins: `formSubmitURL` or `httpRealm` is recommended
[Parent 4696, Gecko_IOThread] WARNING: pipe error: 109: file z:/build/build/src/ipc/chromium/src/chrome/common1526809205065	mozrunner::runner
###!!! [Child][MessageChannel::SendAndWait] Error: Channel error: cannot send/recv

-profile" "C:\\Users\\Charan\\AppData\\Local\\Temp\\rust_mozprofile.6NgqtpqZDl0Y"
Unable to read VR Path Registry from C:\Users\Charan\AppData\Local\openvr\openvrpaths.vrpath
Unable to read VR Path Registry from C:\Users\Charan\AppData\Local\openvr\openvrpaths.vrpath
Unable to read VR Path Registry from C:\Users\Charan\AppData\Local\openvr\openvrpaths.vrpath
Unable to read VR Path Registry from C:\Users\Charan\AppData\Local\openvr\openvrpaths.vrpath
Unable to read VR Path Registry from C:\Users\Charan\AppData\Local\openvr\openvrpaths.vrpath
1526809210511	Marionette	INFO	Listening on port 51009
1526809211194	Marionette	WARN	TLS certificate errors will be ignored for this session
[Parent 5012, Gecko_IOThread] WARNING: pipe error: 109: file z:/build/build/src/ipc/chromium/src/chrome/common/ipc_channel_win.cc, line 346
[Parent 5012, Gecko_IOThread] WARNING: pipe error: 109: file z:/build/build/src/ipc/chromium/src/chrome/common/ipc_channel_win.cc, line 346

###!!! [Child][MessageChannel::SendAndWait] Error: Channel error: cannot send/recv

1526809337460	geckodriver	INFO	geckodriver 0.20.1
1526809337475	geckodriver	INFO	Listening on 127.0.0.1:51078
1526809340491	mozrunner::runner	INFO	Running command: "C:\\Program Files\\Mozilla Firefox\\firefox.exe" "-marionette" "-profile" "C:\\Users\\Charan\\AppData\\Local\\Temp\\rust_mozprofile.KiwxnclYBh61"
Unable to read VR Path Registry from C:\Users\Charan\AppData\Local\openvr\openvrpaths.vrpath
Unable to read VR Path Registry from C:\Users\Charan\AppData\Local\openvr\openvrpaths.vrpath
Unable to read VR Path Registry from C:\Users\Charan\AppData\Local\openvr\openvrpaths.vrpath
Unable to read VR Path Registry from C:\Users\Charan\AppData\Local\openvr\openvrpaths.vrpath
Unable to read VR Path Registry from C:\Users\Charan\AppData\Local\openvr\openvrpaths.vrpath
1526809345331	Marionette	INFO	Listening on port 51086
1526809345811	Marionette	WARN	TLS certificate errors will be ignored for this session
JavaScript error: resource://devtools/shared/base-loader.js -> resource://devtools/server/actors/highlighters/box-model.js, line 416: TypeError: quads is undefined
console.warn: LoginRecipes: getRecipes: falling back to a synchronous message for: https://accounts.google.com
console.warn: nsLoginManager: searchLogins: `formSubmitURL` or `httpRealm` is recommended
[Parent 3788, Gecko_IOThread] WARNING: pipe error: 109: file z:/build/build/src/ipc/chromium/src/chrome/common/ipc_channel_win.cc, line 346
[GPU 7396, Chrome_ChildThread] WARNING: pipe error: 109: file z:/build/build/src/ipc/chromium/src/chrome/common/ipc_channel_win.cc, line 346

###!!! [Child][MessageChannel::SendAndWait] Error: Channel error: cannot send/recv

\Local\openvr\openvrpaths.vrpath
Unable to read VR Path Registry from C:\Users\Charan\AppData\Local\openvr\openvrpaths.vrpath
Unable to read VR Path Registry from C:\Users\Charan\AppData\Local\openvr\openvrpaths.vrpath
Unable to read VR Path Registry from C:\Users\Charan\AppData\Local\openvr\openvrpaths.vrpath
Unable to read VR Path Registry from C:\Users\Charan\AppData\Local\openvr\openvrpaths.vrpath
1526809498997	Marionette	INFO	Listening on port 51166
1526809499838	Marionette	WARN	TLS certificate errors will be ignored for this session
JavaScript error: resource://devtools/shared/base-loader.js -> resource://devtools/server/actors/highlighters/box-model.js, line 416: TypeError: quads is undefined
[Parent 7180, Gecko_IOThread] WARNING: pipe error: 109: file z:/build/build/src/ipc/chromium/src/chrome/common/ipc_channel_win.cc, line 346
[Parent 7180, Gecko_IOThread] WARNING: pipe error: 109: file z:/build/build/src/ipc/chromium/src/chrome/common/ipc_channel_win.cc, line 346

###!!! [Child][MessageChannel::SendAndWait] Error: Channel error: cannot send/recv

a\Local\openvr\openvrpaths.vrpath
Unable to read VR Path Registry from C:\Users\Charan\AppData\Local\openvr\openvrpaths.vrpath
Unable to read VR Path Registry from C:\Users\Charan\AppData\Local\openvr\openvrpaths.vrpath
Unable to read VR Path Registry from C:\Users\Charan\AppData\Local\openvr\openvrpaths.vrpath
Unable to read VR Path Registry from C:\Users\Charan\AppData\Local\openvr\openvrpaths.vrpath
1526809635183	Marionette	INFO	Listening on port 51252
1526809635757	Marionette	WARN	TLS certificate errors will be ignored for this session
JavaScript error: resource://devtools/shared/base-loader.js -> resource://devtools/server/actors/highlighters/box-model.js, line 416: TypeError: quads is undefined
console.error: (new TypeError("node is null", "resource://devtools/shared/base-loader.js -> resource://devtools/server/actors/styles.js", 273))
getUsedFontFaces@resource://devtools/shared/base-loader.js -> resource://devtools/server/actors/styles.js:273:9
handler@resource://devtools/shared/base-loader.js -> resource://devtools/shared/protocol.js:1106:19
onPacket@resource://devtools/shared/base-loader.js -> resource://devtools/server/main.js:1769:15
receiveMessage@resource://devtools/shared/base-loader.js -> resource://devtools/shared/transport/transport.js:760:7
console.error: "Could not get the list of font families" "Protocol error (unknownError): node is null"
console.warn: LoginRecipes: getRecipes: falling back to a synchronous message for: https://accounts.google.com
console.warn: nsLoginManager: searchLogins: `formSubmitURL` or `httpRealm` is recommended
[Parent 5704, Gecko_IOThread] WARNING: pipe error: 109: file z:/build/build/src/ipc/chromium/src/chrome/common/ipc_channel_win.cc, line 346
[Parent 5704, Gecko_IOThread] WARNING: pipe error: 109: file z:/build/build/src/ipc/chromium/src/chrome/common/ipc_channel_win.cc, line 346

###!!! [Child][MessageChannel::SendAndWait] Error: Channel error: cannot send/recv

1526809859095	geckodriver	INFO	geckodriver 0.20.1
1526809859110	geckodriver	INFO	Listening on 127.0.0.1:51340
1526809862157	mozrunner::runner	INFO	Running command: "C:\\Program Files\\Mozilla Firefox\\firefox.exe" "-marionette" "-profile" "C:\\Users\\Charan\\AppData\\Local\\Temp\\rust_mozprofile.scF1rbaaEXKW"
Unable to read VR Path Registry from C:\Users\Charan\AppData\Local\openvr\openvrpaths.vrpath
Unable to read VR Path Registry from C:\Users\Charan\AppData\Local\openvr\openvrpaths.vrpath
Unable to read VR Path Registry from C:\Users\Charan\AppData\Local\openvr\openvrpaths.vrpath
Unable to read VR Path Registry from C:\Users\Charan\AppData\Local\openvr\openvrpaths.vrpath
1526809866992	Marionette	INFO	Listening on port 51348
Unable to read VR Path Registry from C:\Users\Charan\AppData\Local\openvr\openvrpaths.vrpath
1526809867701	Marionette	WARN	TLS certificate errors will be ignored for this session
[Parent 3152, Gecko_IOThread] WARNING: pipe error: 109: file z:/build/build/src/ipc/chromium/src/chrome/common/ipc_channel_win.cc, line 346
[Parent 3152, Gecko_IOThread] WARNING: pipe error: 109: file z:/build/build/src/ipc/chromium/src/chrome/common/ipc_channel_win.cc, line 346

###!!! [Child][MessageChannel::SendAndWait] Error: Channel error: cannot send/recv

a\Local\openvr\openvrpaths.vrpath
Unable to read VR Path Registry from C:\Users\Charan\AppData\Local\openvr\openvrpaths.vrpath
Unable to read VR Path Registry from C:\Users\Charan\AppData\Local\openvr\openvrpaths.vrpath
Unable to read VR Path Registry from C:\Users\Charan\AppData\Local\openvr\openvrpaths.vrpath
Unable to read VR Path Registry from C:\Users\Charan\AppData\Local\openvr\openvrpaths.vrpath
1526809966321	Marionette	INFO	Listening on port 51417
1526809966868	Marionette	WARN	TLS certificate errors will be ignored for this session
IPDL protocol error: Handler returned error code!

###!!! [Parent][DispatchAsyncMessage] Error: PLayerTransaction::Msg_ReleaseLayer Processing error: message was deserialized, but the handler returned false (indicating failure)

IPDL protocol error: Handler returned error code!

###!!! [Parent][DispatchAsyncMessage] Error: PLayerTransaction::Msg_ReleaseLayer Processing error: message was deserialized, but the handler returned false (indicating failure)

IPDL protocol error: Handler returned error code!

###!!! [Parent][DispatchAsyncMessage] Error: PLayerTransaction::Msg_ReleaseLayer Processing error: message was deserialized, but the handler returned false (indicating failure)

IPDL protocol error: Handler returned error code!

###!!! [Parent][DispatchAsyncMessage] Error: PLayerTransaction::Msg_ReleaseLayer Processing error: message was deserialized, but the handler returned false (indicating failure)

IPDL protocol error: Handler returned error code!

###!!! [Parent][DispatchAsyncMessage] Error: PLayerTransaction::Msg_ReleaseLayer Processing error: message was deserialized, but the handler returned false (indicating failure)

IPDL protocol error: Handler returned error code!

###!!! [Parent][DispatchAsyncMessage] Error: PLayerTransaction::Msg_ReleaseLayer Processing error: message was deserialized, but the handler returned false (indicating failure)

IPDL protocol error: Handler returned error code!

###!!! [Parent][DispatchAsyncMessage] Error: PLayerTransaction::Msg_ReleaseLayer Processing error: message was deserialized, but the handler returned false (indicating failure)

IPDL protocol error: Handler returned error code!

###!!! [Parent][DispatchAsyncMessage] Error: PLayerTransaction::Msg_ReleaseLayer Processing error: message was deserialized, but the handler returned false (indicating failure)

IPDL protocol error: Handler returned error code!

###!!! [Parent][DispatchAsyncMessage] Error: PLayerTransaction::Msg_ReleaseLayer Processing error: message was deserialized, but the handler returned false (indicating failure)

[Parent 196, Gecko_IOThread] WARNING: pipe error: 109: file z:/build/build/src/ipc/chromium/src/chrome/common/ipc_channel_win.cc, line 346
[Parent 196, Gecko_IOThread] WARNING: pipe error: 109: file z:/build/build/src/ipc/chromium/src/chrome/common/ipc_channel_win.cc, line 346
[Parent 196, Gecko_IOThread] WARNING: pipe error: 109: file z:/build/build/src/ipc/chromium/src/chrome/common/ipc_channel_win.cc, line 346
*** UTM:SVC TimerManager:registerTimer called after profile-before-change notification. Ignoring timer registration for id: telemetry_modules_ping

###!!! [Child][MessageChannel::SendAndWait] Error: Channel error: cannot send/recv

1528048119494	geckodriver	INFO	geckodriver 0.20.1
1528048119632	geckodriver	INFO	Listening on 127.0.0.1:60217
1528048122770	mozrunner::runner	INFO	Running command: "C:\\Program Files\\Mozilla Firefox\\firefox.exe" "-marionette" "-profile" "C:\\Users\\Charan\\AppData\\Local\\Temp\\rust_mozprofile.ueydTftvXv69"
Unable to read VR Path Registry from C:\Users\Charan\AppData\Local\openvr\openvrpaths.vrpath
Unable to read VR Path Registry from C:\Users\Charan\AppData\Local\openvr\openvrpaths.vrpath
Unable to read VR Path Registry from C:\Users\Charan\AppData\Local\openvr\openvrpaths.vrpath
Unable to read VR Path Registry from C:\Users\Charan\AppData\Local\openvr\openvrpaths.vrpath
[Parent 7076, Gecko_IOThread] WARNING: pipe error: 109: file z:/build/build/src/ipc/chromium/src/chrome/common/ipc_channel_win.cc, line 346
[Child 1016, Chrome_ChildThread] WARNING: pipe error: 109: file z:/build/build/src/ipc/chromium/src/chrome/common/ipc_channel_win.cc, line 346
[Parent 7076, Gecko_IOThread] WARNING: file z:/build/build/src/ipc/chromium/src/base/process_util_win.cc, line 188
console.error: "Could not write session state file " (new Error("_initWorker called too early! Please read the session file from disk first.", "resource:///modules/sessionstore/SessionFile.jsm", 337)) "_initWorker/<@resource:///modules/sessionstore/SessionFile.jsm:337:15\n_initWorker@resource:///modules/sessionstore/SessionFile.jsm:330:12\n_postToWorker@resource:///modules/sessionstore/SessionFile.jsm:354:11\nwrite@resource:///modules/sessionstore/SessionFile.jsm:394:19\nwrite@resource:///modules/sessionstore/SessionFile.jsm:66:12\n_writeState@resource:///modules/sessionstore/SessionSaver.jsm:357:12\n_saveState@resource:///modules/sessionstore/SessionSaver.jsm:295:12\n_saveStateAsync@resource:///modules/sessionstore/SessionSaver.jsm:341:5\nsaveStateAsyncWhenIdle@resource:///modules/sessionstore/SessionSaver.jsm:192:9\n"
Unable to read VR Path Registry from C:\Users\Charan\AppData\Local\openvr\openvrpaths.vrpath
1528048163143	Marionette	INFO	Listening on port 60225
Unable to read VR Path Registry from C:\Users\Charan\AppData\Local\openvr\openvrpaths.vrpath
1528048165579	Marionette	WARN	TLS certificate errors will be ignored for this session
[Parent 7076, Gecko_IOThread] WARNING: pipe error: 109: file z:/build/build/src/ipc/chromium/src/chrome/common/ipc_channel_win.cc, line 346
[Parent 7076, Gecko_IOThread] WARNING: pipe error: 109: file z:/build/build/src/ipc/chromium/src/chrome/common/ipc_channel_win.cc, line 346
*** UTM:SVC TimerManager:registerTimer called after profile-before-change notification. Ignoring timer registration for id: telemetry_modules_ping
[GPU 3236, Chrome_ChildThread] WARNING: pipe error: 109: file z:/build/build/src/ipc/chromium/src/chrome/common/ipc_channel_win.cc, line 346
